---------------------------------------
report of tight-binding model
---------------------------------------
k-space dimension           = 0
r-space dimension           = 2
number of spin components   = 1
periodic directions         = []
number of orbitals          = 6
number of electronic states = 6
lattice vectors:
 #  0  ===>  [     1.0 ,     0.0 ]
 #  1  ===>  [     0.0 ,     1.0 ]
positions of orbitals:
 #  0  ===>  [     1.2 ,     0.0 ]
 #  1  ===>  [     0.6 ,  1.0392 ]
 #  2  ===>  [    -0.6 ,  1.0392 ]
 #  3  ===>  [    -1.2 ,     0.0 ]
 #  4  ===>  [    -0.6 , -1.0392 ]
 #  5  ===>  [     0.6 , -1.0392 ]
site energies:
 #  0  ===>      -0.4
 #  1  ===>      -0.4
 #  2  ===>      -0.4
 #  3  ===>      -0.4
 #  4  ===>      -0.4
 #  5  ===>      -0.4
hoppings:
<  0 | H |  1 >     ===>    -0.25 +     0.0 i
<  1 | H |  2 >     ===>    -0.25 +     0.0 i
<  2 | H |  3 >     ===>    -0.25 +     0.0 i
<  3 | H |  4 >     ===>    -0.25 +     0.0 i
<  4 | H |  5 >     ===>    -0.25 +     0.0 i
<  5 | H |  0 >     ===>    -0.25 +     0.0 i
hopping distances:
|  pos(  0 )  - pos(  1 ) |  =       1.2
|  pos(  1 )  - pos(  2 ) |  =       1.2
|  pos(  2 )  - pos(  3 ) |  =       1.2
|  pos(  3 )  - pos(  4 ) |  =       1.2
|  pos(  4 )  - pos(  5 ) |  =       1.2
|  pos(  5 )  - pos(  0 ) |  =       1.2

  n   eigval   eigvec
  0   -0.900   [ 0.408  0.408  0.408  0.408  0.408  0.408]
  1   -0.650   [-0.576 -0.248  0.328  0.576  0.248 -0.328]
  2   -0.650   [-0.046 -0.521 -0.475  0.046  0.521  0.475]
  3   -0.150   [-0.349 -0.223  0.573 -0.349 -0.223  0.573]
  4   -0.150   [ 0.460 -0.532  0.073  0.460 -0.532  0.073]
  5    0.100   [ 0.408 -0.408  0.408 -0.408  0.408 -0.408]
