---------------------------------------
report of tight-binding model
---------------------------------------
k-space dimension           = 3
r-space dimension           = 3
number of spin components   = 2
periodic directions         = [0, 1, 2]
number of orbitals          = 2
number of electronic states = 4
lattice vectors:
 #  0  ===>  [     0.0 ,     0.5 ,     0.5 ]
 #  1  ===>  [     0.5 ,     0.0 ,     0.5 ]
 #  2  ===>  [     0.5 ,     0.5 ,     0.0 ]
positions of orbitals:
 #  0  ===>  [     0.0 ,     0.0 ,     0.0 ]
 #  1  ===>  [    0.25 ,    0.25 ,    0.25 ]
site energies:
 #  0  ===>   [[ 0.+0.j  0.+0.j]  [ 0.+0.j  0.+0.j]]
 #  1  ===>   [[ 0.+0.j  0.+0.j]  [ 0.+0.j  0.+0.j]]
hoppings:
<  0 | H |  1 + [  0 ,  0 ,  0 ] >     ===>  [[ 1.4+0.j  0.0+0.j]  [ 0.0+0.j  1.4+0.j]]
<  0 | H |  1 + [ -1 ,  0 ,  0 ] >     ===>  [[ 1.+0.j  0.+0.j]  [ 0.+0.j  1.+0.j]]
<  0 | H |  1 + [  0 , -1 ,  0 ] >     ===>  [[ 1.+0.j  0.+0.j]  [ 0.+0.j  1.+0.j]]
<  0 | H |  1 + [  0 ,  0 , -1 ] >     ===>  [[ 1.+0.j  0.+0.j]  [ 0.+0.j  1.+0.j]]
<  0 | H |  0 + [  1 ,  0 ,  0 ] >     ===>  [[ 0.000-0.125j  0.125+0.j   ]  [-0.125+0.j     0.000+0.125j]]
<  1 | H |  1 + [  1 ,  0 ,  0 ] >     ===>  [[ 0.000+0.125j -0.125+0.j   ]  [ 0.125+0.j     0.000-0.125j]]
<  0 | H |  0 + [  0 ,  1 ,  0 ] >     ===>  [[ 0.+0.125j  0.-0.125j]  [ 0.-0.125j  0.-0.125j]]
<  1 | H |  1 + [  0 ,  1 ,  0 ] >     ===>  [[ 0.-0.125j  0.+0.125j]  [ 0.+0.125j  0.+0.125j]]
<  0 | H |  0 + [  0 ,  0 ,  1 ] >     ===>  [[ 0.000+0.j    -0.125+0.125j]  [ 0.125+0.125j  0.000+0.j   ]]
<  1 | H |  1 + [  0 ,  0 ,  1 ] >     ===>  [[ 0.000+0.j     0.125-0.125j]  [-0.125-0.125j  0.000+0.j   ]]
<  0 | H |  0 + [ -1 ,  1 ,  0 ] >     ===>  [[ 0.000+0.j     0.125+0.125j]  [-0.125+0.125j  0.000+0.j   ]]
<  1 | H |  1 + [ -1 ,  1 ,  0 ] >     ===>  [[ 0.000+0.j    -0.125-0.125j]  [ 0.125-0.125j  0.000+0.j   ]]
<  0 | H |  0 + [  0 , -1 ,  1 ] >     ===>  [[ 0.000+0.125j  0.125+0.j   ]  [-0.125+0.j     0.000-0.125j]]
<  1 | H |  1 + [  0 , -1 ,  1 ] >     ===>  [[ 0.000-0.125j -0.125+0.j   ]  [ 0.125+0.j     0.000+0.125j]]
<  0 | H |  0 + [  1 ,  0 , -1 ] >     ===>  [[ 0.+0.125j  0.+0.125j]  [ 0.+0.125j  0.-0.125j]]
<  1 | H |  1 + [  1 ,  0 , -1 ] >     ===>  [[ 0.-0.125j  0.-0.125j]  [ 0.-0.125j  0.+0.125j]]
hopping distances:
|  pos(  0 )  - pos(  1 + [  0 ,  0 ,  0 ] ) |  =     0.433
|  pos(  0 )  - pos(  1 + [ -1 ,  0 ,  0 ] ) |  =     0.433
|  pos(  0 )  - pos(  1 + [  0 , -1 ,  0 ] ) |  =     0.433
|  pos(  0 )  - pos(  1 + [  0 ,  0 , -1 ] ) |  =     0.433
|  pos(  0 )  - pos(  0 + [  1 ,  0 ,  0 ] ) |  =    0.7071
|  pos(  1 )  - pos(  1 + [  1 ,  0 ,  0 ] ) |  =    0.7071
|  pos(  0 )  - pos(  0 + [  0 ,  1 ,  0 ] ) |  =    0.7071
|  pos(  1 )  - pos(  1 + [  0 ,  1 ,  0 ] ) |  =    0.7071
|  pos(  0 )  - pos(  0 + [  0 ,  0 ,  1 ] ) |  =    0.7071
|  pos(  1 )  - pos(  1 + [  0 ,  0 ,  1 ] ) |  =    0.7071
|  pos(  0 )  - pos(  0 + [ -1 ,  1 ,  0 ] ) |  =    0.7071
|  pos(  1 )  - pos(  1 + [ -1 ,  1 ,  0 ] ) |  =    0.7071
|  pos(  0 )  - pos(  0 + [  0 , -1 ,  1 ] ) |  =    0.7071
|  pos(  1 )  - pos(  1 + [  0 , -1 ,  1 ] ) |  =    0.7071
|  pos(  0 )  - pos(  0 + [  1 ,  0 , -1 ] ) |  =    0.7071
|  pos(  1 )  - pos(  1 + [  1 ,  0 , -1 ] ) |  =    0.7071

----- k_path report begin ----------
real-space lattice vectors
 [[ 0.   0.5  0.5]
 [ 0.5  0.   0.5]
 [ 0.5  0.5  0. ]]
k-space metric tensor
 [[ 3. -1. -1.]
 [-1.  3. -1.]
 [-1. -1.  3.]]
internal coordinates of nodes
 [[ 0.     0.     0.   ]
 [ 0.     0.5    0.5  ]
 [ 0.25   0.625  0.625]
 [ 0.5    0.5    0.5  ]
 [ 0.75   0.375  0.375]
 [ 0.5    0.     0.   ]]
reciprocal-space lattice vectors
 [[-1.  1.  1.]
 [ 1. -1.  1.]
 [ 1.  1. -1.]]
cartesian coordinates of nodes
 [[ 0.    0.    0.  ]
 [ 1.    0.    0.  ]
 [ 1.    0.25  0.25]
 [ 0.5   0.5   0.5 ]
 [ 0.    0.75  0.75]
 [-0.5   0.5   0.5 ]]
list of segments:
  length =     1.0  from  [ 0.  0.  0.]  to  [ 0.   0.5  0.5]
  length = 0.35355  from  [ 0.   0.5  0.5]  to  [ 0.25   0.625  0.625]
  length = 0.61237  from  [ 0.25   0.625  0.625]  to  [ 0.5  0.5  0.5]
  length = 0.61237  from  [ 0.5  0.5  0.5]  to  [ 0.75   0.375  0.375]
  length = 0.61237  from  [ 0.75   0.375  0.375]  to  [ 0.5  0.   0. ]
node distance list: [ 0.       1.       1.35355  1.96593  2.5783   3.19067]
node index list:    [  0  31  42  62  81 100]
----- k_path report end ------------

