Warning: kpnames not specified. Only traces of symmetry operations will be calculated. Remember that kpnames must be specified to identify irreps
'NoneType' object has no attribute 'split'


 ----------INFORMATION ABOUT THE UNIT CELL----------- 


Primitive vectors : 
 [[8.47500004 0.         0.        ]
 [0.         8.47500004 0.        ]
 [0.         0.         5.80600003]] 
 Atomic positions: 
 [[0.049 0.141 0.089]
 [0.451 0.359 0.089]
 [0.359 0.049 0.089]
 [0.141 0.451 0.089]
 [0.951 0.641 0.411]
 [0.549 0.859 0.411]
 [0.641 0.549 0.411]
 [0.859 0.951 0.411]
 [0.951 0.859 0.911]
 [0.549 0.641 0.911]
 [0.641 0.951 0.911]
 [0.859 0.549 0.911]
 [0.049 0.359 0.589]
 [0.451 0.141 0.589]
 [0.359 0.451 0.589]
 [0.141 0.049 0.589]
 [0.418 0.582 0.25 ]
 [0.082 0.918 0.25 ]
 [0.918 0.418 0.25 ]
 [0.582 0.082 0.25 ]
 [0.582 0.418 0.75 ]
 [0.918 0.082 0.75 ]
 [0.082 0.582 0.75 ]
 [0.418 0.918 0.75 ]
 [0.25  0.25  0.078]
 [0.75  0.75  0.422]
 [0.75  0.75  0.922]
 [0.25  0.25  0.578]] 
 Atom type indices: 
 [1, 1, 1, 1, 1, 1, 1, 1, 1, 1, 1, 1, 1, 1, 1, 1, 2, 2, 2, 2, 2, 2, 2, 2, 3, 3, 3, 3]
 Reciprocal lattice:
 [[0.74137879 0.         0.        ]
 [0.         0.74137879 0.        ]
 [0.         0.         1.0821883 ]]
Reading symmetries from tables
Placing origin at  [0. 0. 0.]
where [0. 0. 0.] = [0. 0. 0.] + [0. 0. 0.] x refUC

The transformation to the convenctional cell is given by:
        |   1.0000  0.0000  0.0000 |
refUC = |   0.0000  1.0000  0.0000 |    shiftUC = [-0. -0. -0.]
        |   0.0000  0.0000  1.0000 |

Lattice vectors of DFT (a) and reference (c) cells:
a(0)=[  8.4750  0.0000  0.0000 ]    c(0)=[  8.4750  0.0000  0.0000 ]
a(1)=[  0.0000  8.4750  0.0000 ]    c(1)=[  0.0000  8.4750  0.0000 ]
a(2)=[  0.0000  0.0000  5.8060 ]    c(2)=[  0.0000  0.0000  5.8060 ]
Efermi: 0.0000 eV
Found cutoff:   450.212381 eV   Largest plane wave energy in K-point    1:   448.417155 eV
Found cutoff:   450.212381 eV   Largest plane wave energy in K-point    2:   450.170854 eV
Found cutoff:   450.212381 eV   Largest plane wave energy in K-point    3:   450.012536 eV
Found cutoff:   450.212381 eV   Largest plane wave energy in K-point    4:   450.183090 eV
Found cutoff:   450.212381 eV   Largest plane wave energy in K-point    5:   450.117357 eV
Found cutoff:   450.212381 eV   Largest plane wave energy in K-point    6:   450.052788 eV
Found cutoff:   450.212381 eV   Largest plane wave energy in K-point    7:   450.113399 eV
Found cutoff:   450.212381 eV   Largest plane wave energy in K-point    8:   450.196249 eV
Found cutoff:   450.212381 eV   Largest plane wave energy in K-point    9:   450.203068 eV
Found cutoff:   450.212381 eV   Largest plane wave energy in K-point   10:   450.087270 eV
Found cutoff:   450.212381 eV   Largest plane wave energy in K-point   11:   450.130793 eV
Found cutoff:   450.212381 eV   Largest plane wave energy in K-point   12:   450.110539 eV
Found cutoff:   450.212381 eV   Largest plane wave energy in K-point   13:   450.176223 eV
Found cutoff:   450.212381 eV   Largest plane wave energy in K-point   14:   450.196249 eV
Found cutoff:   450.212381 eV   Largest plane wave energy in K-point   15:   450.190022 eV
Found cutoff:   450.212381 eV   Largest plane wave energy in K-point   16:   450.169558 eV
Found cutoff:   450.212381 eV   Largest plane wave energy in K-point   17:   450.019516 eV
Found cutoff:   450.212381 eV   Largest plane wave energy in K-point   18:   450.208265 eV
Found cutoff:   450.212381 eV   Largest plane wave energy in K-point   19:   450.198681 eV
Found cutoff:   450.212381 eV   Largest plane wave energy in K-point   20:   450.146394 eV
Found cutoff:   450.212381 eV   Largest plane wave energy in K-point   21:   450.169081 eV
Found cutoff:   450.212381 eV   Largest plane wave energy in K-point   22:   450.075255 eV
Found cutoff:   450.212381 eV   Largest plane wave energy in K-point   23:   450.110806 eV
Found cutoff:   450.212381 eV   Largest plane wave energy in K-point   24:   450.206358 eV
Found cutoff:   450.212381 eV   Largest plane wave energy in K-point   25:   449.685610 eV
Found cutoff:   450.212381 eV   Largest plane wave energy in K-point   26:   450.176805 eV
Found cutoff:   450.212381 eV   Largest plane wave energy in K-point   27:   450.186637 eV
Found cutoff:   450.212381 eV   Largest plane wave energy in K-point   28:   450.097693 eV
Found cutoff:   450.212381 eV   Largest plane wave energy in K-point   29:   450.145708 eV
Found cutoff:   450.212381 eV   Largest plane wave energy in K-point   30:   450.150399 eV
Found cutoff:   450.212381 eV   Largest plane wave energy in K-point   31:   449.898113 eV


 ---------- INFORMATION ABOUT THE SPACE GROUP ---------- 


Space group P4/ncc (# 130) has 16 symmetry operations  

 ### 1 

rotation : |  1   0   0 |
           |  0   1   0 |
           |  0   0   1 |

translation         :  [   0.0000   0.0000   0.0000 ] 

axis: [0. 0. 1.] ; angle =  0 , inversion : False


 ### 2 

rotation : | -1   0   0 |
           |  0  -1   0 |
           |  0   0   1 |

translation         :  [   0.5000   0.5000   0.0000 ] 

axis: [0. 0. 1.] ; angle = 1 pi, inversion : False


 ### 3 

rotation : |  0  -1   0 |
           |  1   0   0 |
           |  0   0   1 |

translation         :  [   0.5000   0.0000   0.0000 ] 

axis: [0. 0. 1.] ; angle = 1/2 pi, inversion : False


 ### 4 

rotation : |  0   1   0 |
           | -1   0   0 |
           |  0   0   1 |

translation         :  [   0.0000   0.5000   0.0000 ] 

axis: [0. 0. 1.] ; angle = -1/2 pi, inversion : False


 ### 5 

rotation : | -1   0   0 |
           |  0   1   0 |
           |  0   0  -1 |

translation         :  [   0.0000   0.5000   0.5000 ] 

axis: [0. 1. 0.] ; angle = 1 pi, inversion : False


 ### 6 

rotation : |  1   0   0 |
           |  0  -1   0 |
           |  0   0  -1 |

translation         :  [   0.5000   0.0000   0.5000 ] 

axis: [1. 0. 0.] ; angle = 1 pi, inversion : False


 ### 7 

rotation : |  0   1   0 |
           |  1   0   0 |
           |  0   0  -1 |

translation         :  [   0.5000   0.5000   0.5000 ] 

axis: [0.707107 0.707107 0.      ] ; angle = 1 pi, inversion : False


 ### 8 

rotation : |  0  -1   0 |
           | -1   0   0 |
           |  0   0  -1 |

translation         :  [   0.0000   0.0000   0.5000 ] 

axis: [ 0.707107 -0.707107  0.      ] ; angle = 1 pi, inversion : False


 ### 9 

rotation : | -1   0   0 |
           |  0  -1   0 |
           |  0   0  -1 |

translation         :  [   0.0000   0.0000   0.0000 ] 

axis: [0. 0. 1.] ; angle =  0 , inversion : True


 ### 10 

rotation : |  1   0   0 |
           |  0   1   0 |
           |  0   0  -1 |

translation         :  [   0.5000   0.5000   0.0000 ] 

axis: [0. 0. 1.] ; angle = 1 pi, inversion : True


 ### 11 

rotation : |  0   1   0 |
           | -1   0   0 |
           |  0   0  -1 |

translation         :  [   0.5000   0.0000   0.0000 ] 

axis: [0. 0. 1.] ; angle = 1/2 pi, inversion : True


 ### 12 

rotation : |  0  -1   0 |
           |  1   0   0 |
           |  0   0  -1 |

translation         :  [   0.0000   0.5000   0.0000 ] 

axis: [0. 0. 1.] ; angle = -1/2 pi, inversion : True


 ### 13 

rotation : |  1   0   0 |
           |  0  -1   0 |
           |  0   0   1 |

translation         :  [   0.0000   0.5000   0.5000 ] 

axis: [0. 1. 0.] ; angle = 1 pi, inversion : True


 ### 14 

rotation : | -1   0   0 |
           |  0   1   0 |
           |  0   0   1 |

translation         :  [   0.5000   0.0000   0.5000 ] 

axis: [1. 0. 0.] ; angle = 1 pi, inversion : True


 ### 15 

rotation : |  0  -1   0 |
           | -1   0   0 |
           |  0   0   1 |

translation         :  [   0.5000   0.5000   0.5000 ] 

axis: [0.707107 0.707107 0.      ] ; angle = 1 pi, inversion : True


 ### 16 

rotation : |  0   1   0 |
           |  1   0   0 |
           |  0   0   1 |

translation         :  [   0.0000   0.0000   0.5000 ] 

axis: [-0.707107  0.707107  0.      ] ; angle = 1 pi, inversion : True

Separating by symmetry operation #  14

 ### 14 

rotation : | -1   0   0 |
           |  0   1   0 |
           |  0   0   1 |

translation         :  [   0.5000   0.0000   0.5000 ] 

axis: [1. 0. 0.] ; angle = 1 pi, inversion : True





 ################################################ 


 next subspace:   14:+1.000


k-point   1 :[0. 0. 0.] 
 number of states = 2
   Energy  |   degeneracy  | irreps | sym. operations  
           |               |        |     1        2        3        4        5        6        7        8        9       10       11       12       13       14       15       16    
  10.4337  |        1      | None |   1.0000   1.0000  -1.0000  -1.0000   1.0000   1.0000  -1.0000  -1.0000   1.0000   1.0000  -1.0000  -1.0000   1.0000   1.0000  -1.0000  -1.0000
  10.5734  |        1      | None |   1.0000   1.0000  -1.0000  -1.0000  -1.0000  -1.0000   1.0000   1.0000  -1.0000  -1.0000   1.0000   1.0000   1.0000   1.0000  -1.0000  -1.0000
inversion is # 9
number of inversions-odd states :  1
Gap with upper bands :  1.0683265116689125


k-point   2 :[0.         0.01666667 0.        ] 
 number of states = 2
   Energy  |   degeneracy  | irreps | sym. operations  
           |               |        |         1                5               10               14        
  10.4329  |        1      | None |   1.0000+0.0000j   0.9986-0.0523j   0.9986-0.0523j   1.0000-0.0000j
  10.5725  |        1      | None |   1.0000+0.0000j  -0.9986+0.0523j  -0.9986+0.0523j   1.0000+0.0000j
no inversion


k-point   3 :[0.         0.03333333 0.        ] 
 number of states = 2
   Energy  |   degeneracy  | irreps | sym. operations  
           |               |        |         1                5               10               14        
  10.4343  |        1      | None |   1.0000+0.0000j   0.9945-0.1045j   0.9945-0.1045j   1.0000-0.0000j
  10.5729  |        1      | None |   1.0000+0.0000j  -0.9945+0.1045j  -0.9945+0.1045j   1.0000-0.0000j
no inversion


k-point   4 :[0.   0.05 0.  ] 
 number of states = 2
   Energy  |   degeneracy  | irreps | sym. operations  
           |               |        |         1                5               10               14        
  10.4353  |        1      | None |   1.0000+0.0000j   0.9877-0.1564j   0.9877-0.1564j   1.0000+0.0000j
  10.5729  |        1      | None |   1.0000+0.0000j  -0.9877+0.1564j  -0.9877+0.1564j   1.0000-0.0000j
no inversion


k-point   5 :[0.         0.06666667 0.        ] 
 number of states = 2
   Energy  |   degeneracy  | irreps | sym. operations  
           |               |        |         1                5               10               14        
  10.4382  |        1      | None |   1.0000+0.0000j   0.9781-0.2079j   0.9781-0.2079j   1.0000-0.0000j
  10.5737  |        1      | None |   1.0000+0.0000j  -0.9781+0.2079j  -0.9781+0.2079j   1.0000+0.0000j
no inversion


k-point   6 :[0.         0.08333333 0.        ] 
 number of states = 2
   Energy  |   degeneracy  | irreps | sym. operations  
           |               |        |         1                5               10               14        
  10.4400  |        1      | None |   1.0000+0.0000j   0.9659-0.2588j   0.9659-0.2588j   1.0000+0.0000j
  10.5752  |        1      | None |   1.0000+0.0000j  -0.9659+0.2588j  -0.9659+0.2588j   1.0000+0.0000j
no inversion


k-point   7 :[0.  0.1 0. ] 
 number of states = 2
   Energy  |   degeneracy  | irreps | sym. operations  
           |               |        |         1                5               10               14        
  10.4418  |        1      | None |   1.0000+0.0000j   0.9511-0.3090j   0.9511-0.3090j   1.0000+0.0000j
  10.5739  |        1      | None |   1.0000+0.0000j  -0.9511+0.3090j  -0.9511+0.3090j   1.0000-0.0000j
no inversion


k-point   8 :[0.         0.11666667 0.        ] 
 number of states = 2
   Energy  |   degeneracy  | irreps | sym. operations  
           |               |        |         1                5               10               14        
  10.4464  |        1      | None |   1.0000+0.0000j   0.9336-0.3584j   0.9336-0.3584j   1.0000-0.0000j
  10.5746  |        1      | None |   1.0000+0.0000j  -0.9336+0.3584j  -0.9336+0.3584j   1.0000+0.0000j
no inversion


k-point   9 :[0.         0.13333333 0.        ] 
 number of states = 2
   Energy  |   degeneracy  | irreps | sym. operations  
           |               |        |         1                5               10               14        
  10.4497  |        1      | None |   1.0000+0.0000j   0.9135-0.4067j   0.9135-0.4067j   1.0000-0.0000j
  10.5746  |        1      | None |   1.0000+0.0000j  -0.9135+0.4067j  -0.9135+0.4067j   1.0000-0.0000j
no inversion


k-point  10 :[0.   0.15 0.  ] 
 number of states = 2
   Energy  |   degeneracy  | irreps | sym. operations  
           |               |        |         1                5               10               14        
  10.4515  |        1      | None |   1.0000+0.0000j   0.8910-0.4540j   0.8910-0.4540j   1.0000+0.0000j
  10.5742  |        1      | None |   1.0000+0.0000j  -0.8910+0.4540j  -0.8910+0.4540j   1.0000-0.0000j
no inversion


k-point  11 :[0.         0.16666667 0.        ] 
 number of states = 2
   Energy  |   degeneracy  | irreps | sym. operations  
           |               |        |         1                5               10               14        
  10.4528  |        1      | None |   1.0000+0.0000j   0.8660-0.5000j   0.8660-0.5000j   1.0000-0.0000j
  10.5723  |        1      | None |   1.0000+0.0000j  -0.8660+0.5000j  -0.8660+0.5000j   1.0000+0.0000j
no inversion


k-point  12 :[0.         0.18333333 0.        ] 
 number of states = 2
   Energy  |   degeneracy  | irreps | sym. operations  
           |               |        |         1                5               10               14        
  10.4550  |        1      | None |   1.0000+0.0000j   0.8387-0.5446j   0.8387-0.5446j   1.0000-0.0000j
  10.5708  |        1      | None |   1.0000+0.0000j  -0.8387+0.5446j  -0.8387+0.5446j   1.0000+0.0000j
no inversion


k-point  13 :[0.  0.2 0. ] 
 number of states = 2
   Energy  |   degeneracy  | irreps | sym. operations  
           |               |        |         1                5               10               14        
  10.4578  |        1      | None |   1.0000+0.0000j   0.8090-0.5878j   0.8090-0.5878j   1.0000+0.0000j
  10.5681  |        1      | None |   1.0000+0.0000j  -0.8090+0.5878j  -0.8090+0.5878j   1.0000+0.0000j
no inversion


k-point  14 :[0.         0.21666667 0.        ] 
 number of states = 2
   Energy  |   degeneracy  | irreps | sym. operations  
           |               |        |         1                5               10               14        
  10.4630  |        1      | None |   1.0000+0.0000j   0.7771-0.6293j   0.7771-0.6293j   1.0000-0.0000j
  10.5650  |        1      | None |   1.0000+0.0000j  -0.7771+0.6293j  -0.7771+0.6293j   1.0000+0.0000j
no inversion


k-point  15 :[0.         0.23333333 0.        ] 
 number of states = 2
   Energy  |   degeneracy  | irreps | sym. operations  
           |               |        |         1                5               10               14        
  10.4660  |        1      | None |   1.0000+0.0000j   0.7431-0.6691j   0.7431-0.6691j   1.0000-0.0000j
  10.5637  |        1      | None |   1.0000+0.0000j  -0.7431+0.6691j  -0.7431+0.6691j   1.0000-0.0000j
no inversion


k-point  16 :[0.   0.25 0.  ] 
 number of states = 2
   Energy  |   degeneracy  | irreps | sym. operations  
           |               |        |         1                5               10               14        
  10.4702  |        1      | None |   1.0000+0.0000j   0.7071-0.7071j   0.7071-0.7071j   1.0000-0.0000j
  10.5644  |        1      | None |   1.0000+0.0000j  -0.7071+0.7071j  -0.7071+0.7071j   1.0000-0.0000j
no inversion


k-point  17 :[0.         0.26666667 0.        ] 
 number of states = 2
   Energy  |   degeneracy  | irreps | sym. operations  
           |               |        |         1                5               10               14        
  10.4737  |        1      | None |   1.0000+0.0000j   0.6691-0.7431j   0.6691-0.7431j   1.0000-0.0000j
  10.5631  |        1      | None |   1.0000+0.0000j  -0.6691+0.7431j  -0.6691+0.7431j   1.0000+0.0000j
no inversion


k-point  18 :[0.         0.28333333 0.        ] 
 number of states = 2
   Energy  |   degeneracy  | irreps | sym. operations  
           |               |        |         1                5               10               14        
  10.4777  |        1      | None |   1.0000+0.0000j   0.6293-0.7771j   0.6293-0.7771j   1.0000+0.0000j
  10.5620  |        1      | None |   1.0000+0.0000j  -0.6293+0.7771j  -0.6293+0.7771j   1.0000+0.0000j
no inversion


k-point  19 :[0.  0.3 0. ] 
 number of states = 2
   Energy  |   degeneracy  | irreps | sym. operations  
           |               |        |         1                5               10               14        
  10.4826  |        1      | None |   1.0000+0.0000j   0.5878-0.8090j   0.5878-0.8090j   1.0000+0.0000j
  10.5608  |        1      | None |   1.0000+0.0000j  -0.5878+0.8090j  -0.5878+0.8090j   1.0000+0.0000j
no inversion


k-point  20 :[0.         0.31666667 0.        ] 
 number of states = 2
   Energy  |   degeneracy  | irreps | sym. operations  
           |               |        |         1                5               10               14        
  10.4865  |        1      | None |   1.0000+0.0000j   0.5446-0.8387j   0.5446-0.8387j   1.0000+0.0000j
  10.5577  |        1      | None |   1.0000+0.0000j  -0.5446+0.8387j  -0.5446+0.8387j   1.0000+0.0000j
no inversion


k-point  21 :[0.         0.33333333 0.        ] 
 number of states = 2
   Energy  |   degeneracy  | irreps | sym. operations  
           |               |        |         1                5               10               14        
  10.4906  |        1      | None |   1.0000+0.0000j   0.5000-0.8660j   0.5000-0.8660j   1.0000+0.0000j
  10.5566  |        1      | None |   1.0000+0.0000j  -0.5000+0.8660j  -0.5000+0.8660j   1.0000+0.0000j
no inversion


k-point  22 :[0.   0.35 0.  ] 
 number of states = 2
   Energy  |   degeneracy  | irreps | sym. operations  
           |               |        |         1                5               10               14        
  10.4949  |        1      | None |   1.0000+0.0000j   0.4540-0.8910j   0.4540-0.8910j   1.0000-0.0000j
  10.5549  |        1      | None |   1.0000+0.0000j  -0.4540+0.8910j  -0.4540+0.8910j   1.0000-0.0000j
no inversion


k-point  23 :[0.         0.36666667 0.        ] 
 number of states = 2
   Energy  |   degeneracy  | irreps | sym. operations  
           |               |        |         1                5               10               14        
  10.4970  |        1      | None |   1.0000+0.0000j   0.4067-0.9135j   0.4067-0.9135j   1.0000-0.0000j
  10.5530  |        1      | None |   1.0000+0.0000j  -0.4067+0.9135j  -0.4067+0.9135j   1.0000+0.0000j
no inversion


k-point  24 :[0.         0.38333333 0.        ] 
 number of states = 2
   Energy  |   degeneracy  | irreps | sym. operations  
           |               |        |         1                5               10               14        
  10.4976  |        1      | None |   1.0000+0.0000j   0.3584-0.9336j   0.3584-0.9336j   1.0000-0.0000j
  10.5482  |        1      | None |   1.0000+0.0000j  -0.3584+0.9336j  -0.3584+0.9336j   1.0000+0.0000j
no inversion


k-point  25 :[0.  0.4 0. ] 
 number of states = 2
   Energy  |   degeneracy  | irreps | sym. operations  
           |               |        |         1                5               10               14        
  10.5015  |        1      | None |   1.0000+0.0000j   0.3090-0.9511j   0.3090-0.9511j   1.0000-0.0000j
  10.5458  |        1      | None |   1.0000+0.0000j  -0.3090+0.9511j  -0.3090+0.9511j   1.0000+0.0000j
no inversion


k-point  26 :[0.         0.41666667 0.        ] 
 number of states = 2
   Energy  |   degeneracy  | irreps | sym. operations  
           |               |        |         1                5               10               14        
  10.5046  |        1      | None |   1.0000+0.0000j   0.2588-0.9659j   0.2588-0.9659j   1.0000-0.0000j
  10.5408  |        1      | None |   1.0000+0.0000j  -0.2588+0.9659j  -0.2588+0.9659j   1.0000+0.0000j
no inversion


k-point  27 :[0.         0.43333333 0.        ] 
 number of states = 2
   Energy  |   degeneracy  | irreps | sym. operations  
           |               |        |         1                5               10               14        
  10.5085  |        1      | None |   1.0000+0.0000j   0.2079-0.9781j   0.2079-0.9781j   1.0000-0.0000j
  10.5377  |        1      | None |   1.0000+0.0000j  -0.2079+0.9781j  -0.2079+0.9781j   1.0000-0.0000j
no inversion


k-point  28 :[0.   0.45 0.  ] 
 number of states = 2
   Energy  |   degeneracy  | irreps | sym. operations  
           |               |        |         1                5               10               14        
  10.5133  |        1      | None |   1.0000+0.0000j   0.1564-0.9877j   0.1564-0.9877j   1.0000-0.0000j
  10.5343  |        1      | None |   1.0000+0.0000j  -0.1564+0.9877j  -0.1564+0.9877j   1.0000+0.0000j
no inversion


k-point  29 :[0.         0.46666667 0.        ] 
 number of states = 2
   Energy  |   degeneracy  | irreps | sym. operations  
           |               |        |         1                5               10               14        
  10.5183  |        1      | None |   1.0000+0.0000j   0.1045-0.9945j   0.1045-0.9945j   1.0000+0.0000j
  10.5313  |        1      | None |   1.0000+0.0000j  -0.1045+0.9945j  -0.1045+0.9945j   1.0000+0.0000j
no inversion


k-point  30 :[0.         0.48333333 0.        ] 
 number of states = 2
   Energy  |   degeneracy  | irreps | sym. operations  
           |               |        |         1                5               10               14        
  10.5239  |        1      | None |   1.0000+0.0000j   0.0523-0.9986j   0.0523-0.9986j   1.0000+0.0000j
  10.5304  |        1      | None |   1.0000+0.0000j  -0.0523+0.9986j  -0.0523+0.9986j   1.0000+0.0000j
no inversion


k-point  31 :[0.  0.5 0. ] 
 number of states = 1
   Energy  |   degeneracy  | irreps | sym. operations  
           |               |        |     1        2        5        6        9       10       13       14    
  10.5273  |        2      | None |   2.0000   0.0000   0.0000   0.0000   0.0000  -0.0000   0.0000   2.0000
inversion is # 9
number of inversions-odd states :  1
Gap with upper bands :  1.961393300815926
number of inversions-odd states :  2
Minimal direct gap: 1.0683265116689125  eV
indirect  gap: 1.0665903055909975  eV




 ################################################ 


 next subspace:   14:-1.000


k-point   1 :[0. 0. 0.] 
 number of states = 2
   Energy  |   degeneracy  | irreps | sym. operations  
           |               |        |     1        2        3        4        5        6        7        8        9       10       11       12       13       14       15       16    
   9.9825  |        1      | None |   1.0000   1.0000  -1.0000  -1.0000  -1.0000  -1.0000   1.0000   1.0000   1.0000   1.0000  -1.0000  -1.0000  -1.0000  -1.0000   1.0000   1.0000
  10.6315  |        1      | None |   1.0000   1.0000  -1.0000  -1.0000   1.0000   1.0000  -1.0000  -1.0000  -1.0000  -1.0000   1.0000   1.0000  -1.0000  -1.0000   1.0000   1.0000
inversion is # 9
number of inversions-odd states :  1
Gap with upper bands :  1.0102901329614689


k-point   2 :[0.         0.01666667 0.        ] 
 number of states = 2
   Energy  |   degeneracy  | irreps | sym. operations  
           |               |        |         1                5               10               14        
   9.9829  |        1      | None |   1.0000+0.0000j  -0.9986+0.0523j   0.9986-0.0523j  -1.0000+0.0000j
  10.6311  |        1      | None |   1.0000+0.0000j   0.9986-0.0523j  -0.9986+0.0523j  -1.0000+0.0000j
no inversion


k-point   3 :[0.         0.03333333 0.        ] 
 number of states = 2
   Energy  |   degeneracy  | irreps | sym. operations  
           |               |        |         1                5               10               14        
   9.9858  |        1      | None |   1.0000+0.0000j  -0.9945+0.1045j   0.9945-0.1045j  -1.0000-0.0000j
  10.6310  |        1      | None |   1.0000+0.0000j   0.9945-0.1045j  -0.9945+0.1045j  -1.0000-0.0000j
no inversion


k-point   4 :[0.   0.05 0.  ] 
 number of states = 2
   Energy  |   degeneracy  | irreps | sym. operations  
           |               |        |         1                5               10               14        
   9.9891  |        1      | None |   1.0000+0.0000j  -0.9877+0.1564j   0.9877-0.1564j  -1.0000+0.0000j
  10.6304  |        1      | None |   1.0000+0.0000j   0.9877-0.1564j  -0.9877+0.1564j  -1.0000-0.0000j
no inversion


k-point   5 :[0.         0.06666667 0.        ] 
 number of states = 2
   Energy  |   degeneracy  | irreps | sym. operations  
           |               |        |         1                5               10               14        
   9.9952  |        1      | None |   1.0000+0.0000j  -0.9781+0.2079j   0.9781-0.2079j  -1.0000-0.0000j
  10.6290  |        1      | None |   1.0000+0.0000j   0.9781-0.2079j  -0.9781+0.2079j  -1.0000+0.0000j
no inversion


k-point   6 :[0.         0.08333333 0.        ] 
 number of states = 2
   Energy  |   degeneracy  | irreps | sym. operations  
           |               |        |         1                5               10               14        
  10.0019  |        1      | None |   1.0000+0.0000j  -0.9659+0.2588j   0.9659-0.2588j  -1.0000-0.0000j
  10.6291  |        1      | None |   1.0000+0.0000j   0.9659-0.2588j  -0.9659+0.2588j  -1.0000+0.0000j
no inversion


k-point   7 :[0.  0.1 0. ] 
 number of states = 2
   Energy  |   degeneracy  | irreps | sym. operations  
           |               |        |         1                5               10               14        
  10.0091  |        1      | None |   1.0000+0.0000j  -0.9511+0.3090j   0.9511-0.3090j  -1.0000-0.0000j
  10.6262  |        1      | None |   1.0000+0.0000j   0.9511-0.3090j  -0.9511+0.3090j  -1.0000+0.0000j
no inversion


k-point   8 :[0.         0.11666667 0.        ] 
 number of states = 2
   Energy  |   degeneracy  | irreps | sym. operations  
           |               |        |         1                5               10               14        
  10.0184  |        1      | None |   1.0000+0.0000j  -0.9336+0.3584j   0.9336-0.3584j  -1.0000+0.0000j
  10.6243  |        1      | None |   1.0000+0.0000j   0.9336-0.3584j  -0.9336+0.3584j  -1.0000+0.0000j
no inversion


k-point   9 :[0.         0.13333333 0.        ] 
 number of states = 2
   Energy  |   degeneracy  | irreps | sym. operations  
           |               |        |         1                5               10               14        
  10.0287  |        1      | None |   1.0000+0.0000j  -0.9135+0.4067j   0.9135-0.4067j  -1.0000+0.0000j
  10.6216  |        1      | None |   1.0000+0.0000j   0.9135-0.4067j  -0.9135+0.4067j  -1.0000-0.0000j
no inversion


k-point  10 :[0.   0.15 0.  ] 
 number of states = 2
   Energy  |   degeneracy  | irreps | sym. operations  
           |               |        |         1                5               10               14        
  10.0393  |        1      | None |   1.0000+0.0000j  -0.8910+0.4540j   0.8910-0.4540j  -1.0000+0.0000j
  10.6183  |        1      | None |   1.0000+0.0000j   0.8910-0.4540j  -0.8910+0.4540j  -1.0000+0.0000j
no inversion


k-point  11 :[0.         0.16666667 0.        ] 
 number of states = 2
   Energy  |   degeneracy  | irreps | sym. operations  
           |               |        |         1                5               10               14        
  10.0509  |        1      | None |   1.0000+0.0000j  -0.8660+0.5000j   0.8660-0.5000j  -1.0000+0.0000j
  10.6143  |        1      | None |   1.0000+0.0000j   0.8660-0.5000j  -0.8660+0.5000j  -1.0000+0.0000j
no inversion


k-point  12 :[0.         0.18333333 0.        ] 
 number of states = 2
   Energy  |   degeneracy  | irreps | sym. operations  
           |               |        |         1                5               10               14        
  10.0636  |        1      | None |   1.0000+0.0000j  -0.8387+0.5446j   0.8387-0.5446j  -1.0000+0.0000j
  10.6107  |        1      | None |   1.0000+0.0000j   0.8387-0.5446j  -0.8387+0.5446j  -1.0000-0.0000j
no inversion


k-point  13 :[0.  0.2 0. ] 
 number of states = 2
   Energy  |   degeneracy  | irreps | sym. operations  
           |               |        |         1                5               10               14        
  10.0764  |        1      | None |   1.0000+0.0000j  -0.8090+0.5878j   0.8090-0.5878j  -1.0000+0.0000j
  10.6025  |        1      | None |   1.0000+0.0000j   0.8090-0.5878j  -0.8090+0.5878j  -1.0000-0.0000j
no inversion


k-point  14 :[0.         0.21666667 0.        ] 
 number of states = 2
   Energy  |   degeneracy  | irreps | sym. operations  
           |               |        |         1                5               10               14        
  10.0914  |        1      | None |   1.0000+0.0000j  -0.7771+0.6293j   0.7771-0.6293j  -1.0000-0.0000j
  10.5991  |        1      | None |   1.0000+0.0000j   0.7771-0.6293j  -0.7771+0.6293j  -1.0000+0.0000j
no inversion


k-point  15 :[0.         0.23333333 0.        ] 
 number of states = 2
   Energy  |   degeneracy  | irreps | sym. operations  
           |               |        |         1                5               10               14        
  10.1061  |        1      | None |   1.0000+0.0000j  -0.7431+0.6691j   0.7431-0.6691j  -1.0000+0.0000j
  10.5932  |        1      | None |   1.0000+0.0000j   0.7431-0.6691j  -0.7431+0.6691j  -1.0000-0.0000j
no inversion


k-point  16 :[0.   0.25 0.  ] 
 number of states = 2
   Energy  |   degeneracy  | irreps | sym. operations  
           |               |        |         1                5               10               14        
  10.1234  |        1      | None |   1.0000+0.0000j  -0.7071+0.7071j   0.7071-0.7071j  -1.0000+0.0000j
  10.5890  |        1      | None |   1.0000+0.0000j   0.7071-0.7071j  -0.7071+0.7071j  -1.0000-0.0000j
no inversion


k-point  17 :[0.         0.26666667 0.        ] 
 number of states = 2
   Energy  |   degeneracy  | irreps | sym. operations  
           |               |        |         1                5               10               14        
  10.1397  |        1      | None |   1.0000+0.0000j  -0.6691+0.7431j   0.6691-0.7431j  -1.0000-0.0000j
  10.5829  |        1      | None |   1.0000+0.0000j   0.6691-0.7431j  -0.6691+0.7431j  -1.0000+0.0000j
no inversion


k-point  18 :[0.         0.28333333 0.        ] 
 number of states = 2
   Energy  |   degeneracy  | irreps | sym. operations  
           |               |        |         1                5               10               14        
  10.1560  |        1      | None |   1.0000+0.0000j  -0.6293+0.7771j   0.6293-0.7771j  -1.0000-0.0000j
  10.5713  |        1      | None |   1.0000+0.0000j   0.6293-0.7771j  -0.6293+0.7771j  -1.0000+0.0000j
no inversion


k-point  19 :[0.  0.3 0. ] 
 number of states = 2
   Energy  |   degeneracy  | irreps | sym. operations  
           |               |        |         1                5               10               14        
  10.1740  |        1      | None |   1.0000+0.0000j  -0.5878+0.8090j   0.5878-0.8090j  -1.0000-0.0000j
  10.5615  |        1      | None |   1.0000+0.0000j   0.5878-0.8090j  -0.5878+0.8090j  -1.0000-0.0000j
no inversion


k-point  20 :[0.         0.31666667 0.        ] 
 number of states = 2
   Energy  |   degeneracy  | irreps | sym. operations  
           |               |        |         1                5               10               14        
  10.1915  |        1      | None |   1.0000+0.0000j  -0.5446+0.8387j   0.5446-0.8387j  -1.0000-0.0000j
  10.5478  |        1      | None |   1.0000+0.0000j   0.5446-0.8387j  -0.5446+0.8387j  -1.0000-0.0000j
no inversion


k-point  21 :[0.         0.33333333 0.        ] 
 number of states = 2
   Energy  |   degeneracy  | irreps | sym. operations  
           |               |        |         1                5               10               14        
  10.2090  |        1      | None |   1.0000+0.0000j  -0.5000+0.8660j   0.5000-0.8660j  -1.0000-0.0000j
  10.5399  |        1      | None |   1.0000+0.0000j   0.5000-0.8660j  -0.5000+0.8660j  -1.0000-0.0000j
no inversion


k-point  22 :[0.   0.35 0.  ] 
 number of states = 2
   Energy  |   degeneracy  | irreps | sym. operations  
           |               |        |         1                5               10               14        
  10.2274  |        1      | None |   1.0000+0.0000j  -0.4540+0.8910j   0.4540-0.8910j  -1.0000-0.0000j
  10.5287  |        1      | None |   1.0000+0.0000j   0.4540-0.8910j  -0.4540+0.8910j  -1.0000+0.0000j
no inversion


k-point  23 :[0.         0.36666667 0.        ] 
 number of states = 2
   Energy  |   degeneracy  | irreps | sym. operations  
           |               |        |         1                5               10               14        
  10.2451  |        1      | None |   1.0000+0.0000j  -0.4067+0.9135j   0.4067-0.9135j  -1.0000-0.0000j
  10.5179  |        1      | None |   1.0000+0.0000j   0.4067-0.9135j  -0.4067+0.9135j  -1.0000-0.0000j
no inversion


k-point  24 :[0.         0.38333333 0.        ] 
 number of states = 2
   Energy  |   degeneracy  | irreps | sym. operations  
           |               |        |         1                5               10               14        
  10.2627  |        1      | None |   1.0000+0.0000j  -0.3584+0.9336j   0.3584-0.9336j  -1.0000-0.0000j
  10.5048  |        1      | None |   1.0000+0.0000j   0.3584-0.9336j  -0.3584+0.9336j  -1.0000+0.0000j
no inversion


k-point  25 :[0.  0.4 0. ] 
 number of states = 2
   Energy  |   degeneracy  | irreps | sym. operations  
           |               |        |         1                5               10               14        
  10.2812  |        1      | None |   1.0000+0.0000j  -0.3090+0.9511j   0.3090-0.9511j  -1.0000+0.0000j
  10.4914  |        1      | None |   1.0000+0.0000j   0.3090-0.9511j  -0.3090+0.9511j  -1.0000-0.0000j
no inversion


k-point  26 :[0.         0.41666667 0.        ] 
 number of states = 2
   Energy  |   degeneracy  | irreps | sym. operations  
           |               |        |         1                5               10               14        
  10.3013  |        1      | None |   1.0000+0.0000j  -0.2588+0.9659j   0.2588-0.9659j  -1.0000+0.0000j
  10.4775  |        1      | None |   1.0000+0.0000j   0.2588-0.9659j  -0.2588+0.9659j  -1.0000-0.0000j
no inversion


k-point  27 :[0.         0.43333333 0.        ] 
 number of states = 2
   Energy  |   degeneracy  | irreps | sym. operations  
           |               |        |         1                5               10               14        
  10.3206  |        1      | None |   1.0000+0.0000j  -0.2079+0.9781j   0.2079-0.9781j  -1.0000+0.0000j
  10.4612  |        1      | None |   1.0000+0.0000j   0.2079-0.9781j  -0.2079+0.9781j  -1.0000-0.0000j
no inversion


k-point  28 :[0.   0.45 0.  ] 
 number of states = 2
   Energy  |   degeneracy  | irreps | sym. operations  
           |               |        |         1                5               10               14        
  10.3393  |        1      | None |   1.0000+0.0000j  -0.1564+0.9877j   0.1564-0.9877j  -1.0000-0.0000j
  10.4458  |        1      | None |   1.0000+0.0000j   0.1564-0.9877j  -0.1564+0.9877j  -1.0000+0.0000j
no inversion


k-point  29 :[0.         0.46666667 0.        ] 
 number of states = 2
   Energy  |   degeneracy  | irreps | sym. operations  
           |               |        |         1                5               10               14        
  10.3571  |        1      | None |   1.0000+0.0000j  -0.1045+0.9945j   0.1045-0.9945j  -1.0000-0.0000j
  10.4293  |        1      | None |   1.0000+0.0000j   0.1045-0.9945j  -0.1045+0.9945j  -1.0000-0.0000j
no inversion


k-point  30 :[0.         0.48333333 0.        ] 
 number of states = 2
   Energy  |   degeneracy  | irreps | sym. operations  
           |               |        |         1                5               10               14        
  10.3785  |        1      | None |   1.0000+0.0000j  -0.0523+0.9986j   0.0523-0.9986j  -1.0000-0.0000j
  10.4129  |        1      | None |   1.0000+0.0000j   0.0523-0.9986j  -0.0523+0.9986j  -1.0000-0.0000j
no inversion


k-point  31 :[0.  0.5 0. ] 
 number of states = 1
   Energy  |   degeneracy  | irreps | sym. operations  
           |               |        |     1        2        5        6        9       10       13       14    
  10.3960  |        2      | None |   2.0000   0.0000  -0.0000   0.0000  -0.0000  -0.0000  -0.0000  -2.0000
inversion is # 9
number of inversions-odd states :  1
Gap with upper bands :  2.0926478049361865
number of inversions-odd states :  2
Minimal direct gap: 1.0102901329614689  eV
indirect  gap: 1.0102901329614689  eV
plotbands = True --> writing bands




 ################################################ 


 next subspace:   14:+1.000




 ################################################ 


 next subspace:   14:-1.000
