'NoneType' object has no attribute 'split'


 ----------INFORMATION ABOUT THE UNIT CELL----------- 


Primitive vectors : 
 [[ 2.07150001  1.19598109  9.54533338]
 [-2.07150001  1.19598109  9.54533338]
 [ 0.         -2.39196218  9.54533338]] 
 Atomic positions: 
 [[0.6015 0.6015 0.6015]
 [0.3985 0.3985 0.3985]
 [0.     0.     0.    ]
 [0.7885 0.7885 0.7885]
 [0.2115 0.2115 0.2115]] 
 Atom type indices: 
 [1, 1, 2, 2, 2]
 Reciprocal lattice:
 [[ 1.51657863  0.87559708  0.21941561]
 [-1.51657863  0.87559708  0.21941561]
 [ 0.         -1.75119416  0.21941561]]
Reading symmetries from tables
Placing origin at  [9.86076132e-32 4.44089210e-16 4.44089210e-16]
where [9.86076132e-32 4.44089210e-16 4.44089210e-16] = [9.86076132e-32 4.44089210e-16 4.44089210e-16] + [0. 0. 0.] x refUC

The transformation to the convenctional cell is given by:
        |   1.0000 -1.0000  0.0000 |
refUC = |  -0.0000  1.0000 -1.0000 |    shiftUC = [-9.86076132e-32 -4.44089210e-16 -4.44089210e-16]
        |   1.0000  1.0000  1.0000 |

Lattice vectors of DFT (a) and reference (c) cells:
a(0)=[  2.0715  1.1960  9.5453 ]    c(0)=[  0.8755 -8.3494 12.8128 ]
a(1)=[ -2.0715  1.1960  9.5453 ]    c(1)=[ -3.2675 -8.3494  8.6698 ]
a(2)=[  0.0000 -2.3920  9.5453 ]    c(2)=[  2.3920-11.9373  7.1534 ]
Efermi: 9.0383 eV
Found cutoff:   450.212381 eV   Largest plane wave energy in K-point    1:   450.058801 eV
Found cutoff:   450.212381 eV   Largest plane wave energy in K-point   16:   449.184641 eV
Found cutoff:   450.212381 eV   Largest plane wave energy in K-point   31:   450.086787 eV
Found cutoff:   450.212381 eV   Largest plane wave energy in K-point   46:   449.436517 eV


 ---------- INFORMATION ABOUT THE SPACE GROUP ---------- 


Space group R-3m (# 166) has 12 symmetry operations  

 ### 1 

rotation : |  1   0   0 |     rotation : |  1   0   0 |
           |  0   1   0 |      (refUC)   |  0   1   0 |
           |  0   0   1 |                |  0   0   1 |

spinor rot.         : | 1.000+0.000j  0.000+0.000j |
                      | 0.000+0.000j  1.000+0.000j |
spinor rot. (refUC) : | 1.000+0.000j  0.000+0.000j |
                      | 0.000+0.000j  1.000+0.000j |

translation         :  [   0.0000   0.0000   0.0000 ] 
translation (refUC) :  [   0.0000   0.0000   0.0000 ] 

axis: [0. 0. 1.] ; angle =  0 , inversion : False


 ### 2 

rotation : |  0   0   1 |     rotation : |  0  -1   0 |
           |  1   0   0 |      (refUC)   |  1  -1   0 |
           |  0   1   0 |                |  0   0   1 |

spinor rot.         : | 0.500-0.866j -0.000-0.000j |
                      | 0.000-0.000j  0.500+0.866j |
spinor rot. (refUC) : | 0.500-0.866j -0.000-0.000j |
                      | 0.000-0.000j  0.500+0.866j |

translation         :  [   0.0000   0.0000   0.0000 ] 
translation (refUC) :  [   0.0000   0.0000   0.0000 ] 

axis: [0. 0. 1.] ; angle = 2/3 pi, inversion : False


 ### 3 

rotation : |  0   1   0 |     rotation : | -1   1   0 |
           |  0   0   1 |      (refUC)   | -1   0   0 |
           |  1   0   0 |                |  0   0   1 |

spinor rot.         : | 0.500+0.866j  0.000-0.000j |
                      |-0.000-0.000j  0.500-0.866j |
spinor rot. (refUC) : | 0.500+0.866j  0.000-0.000j |
                      |-0.000-0.000j  0.500-0.866j |

translation         :  [   0.0000   0.0000   0.0000 ] 
translation (refUC) :  [   0.0000   0.0000   0.0000 ] 

axis: [-0.  0.  1.] ; angle = -2/3 pi, inversion : False


 ### 4 

rotation : |  0   0  -1 |     rotation : |  0   1   0 |
           |  0  -1   0 |      (refUC)   |  1   0   0 |
           | -1   0   0 |                |  0   0  -1 |

spinor rot.         : | 0.000+0.000j  0.866+0.500j |
                      |-0.866+0.500j  0.000-0.000j |
spinor rot. (refUC) : | 0.000+0.000j  0.866+0.500j |
                      |-0.866+0.500j  0.000-0.000j |

translation         :  [   0.0000   0.0000   0.0000 ] 
translation (refUC) :  [   0.0000   0.0000   0.0000 ] 

axis: [-0.5      -0.866025  0.      ] ; angle = 1 pi, inversion : False


 ### 5 

rotation : |  0  -1   0 |     rotation : |  1  -1   0 |
           | -1   0   0 |      (refUC)   |  0  -1   0 |
           |  0   0  -1 |                |  0   0  -1 |

spinor rot.         : | 0.000+0.000j  0.000-1.000j |
                      | 0.000-1.000j  0.000+0.000j |
spinor rot. (refUC) : |-0.000+0.000j  0.000+1.000j |
                      | 0.000+1.000j -0.000+0.000j |

translation         :  [   0.0000   0.0000   0.0000 ] 
translation (refUC) :  [   0.0000   0.0000   0.0000 ] 

axis: [1. 0. 0.] ; angle = 1 pi, inversion : False


 ### 6 

rotation : | -1   0   0 |     rotation : | -1   0   0 |
           |  0   0  -1 |      (refUC)   | -1   1   0 |
           |  0  -1   0 |                |  0   0  -1 |

spinor rot.         : | 0.000-0.000j  0.866-0.500j |
                      |-0.866-0.500j  0.000+0.000j |
spinor rot. (refUC) : |-0.000+0.000j -0.866+0.500j |
                      | 0.866+0.500j -0.000-0.000j |

translation         :  [   0.0000   0.0000   0.0000 ] 
translation (refUC) :  [   0.0000   0.0000   0.0000 ] 

axis: [ 0.5      -0.866025  0.      ] ; angle = 1 pi, inversion : False


 ### 7 

rotation : | -1   0   0 |     rotation : | -1   0   0 |
           |  0  -1   0 |      (refUC)   |  0  -1   0 |
           |  0   0  -1 |                |  0   0  -1 |

spinor rot.         : | 1.000+0.000j  0.000+0.000j |
                      | 0.000+0.000j  1.000+0.000j |
spinor rot. (refUC) : | 1.000+0.000j  0.000+0.000j |
                      | 0.000+0.000j  1.000+0.000j |

translation         :  [   0.0000   0.0000   0.0000 ] 
translation (refUC) :  [   0.0000   0.0000   0.0000 ] 

axis: [0. 0. 1.] ; angle =  0 , inversion : True


 ### 8 

rotation : |  0   0  -1 |     rotation : |  0   1   0 |
           | -1   0   0 |      (refUC)   | -1   1   0 |
           |  0  -1   0 |                |  0   0  -1 |

spinor rot.         : | 0.500-0.866j -0.000-0.000j |
                      | 0.000-0.000j  0.500+0.866j |
spinor rot. (refUC) : | 0.500-0.866j -0.000-0.000j |
                      | 0.000-0.000j  0.500+0.866j |

translation         :  [   0.0000   0.0000   0.0000 ] 
translation (refUC) :  [   0.0000   0.0000   0.0000 ] 

axis: [0. 0. 1.] ; angle = 2/3 pi, inversion : True


 ### 9 

rotation : |  0  -1   0 |     rotation : |  1  -1   0 |
           |  0   0  -1 |      (refUC)   |  1   0   0 |
           | -1   0   0 |                |  0   0  -1 |

spinor rot.         : | 0.500+0.866j  0.000-0.000j |
                      |-0.000-0.000j  0.500-0.866j |
spinor rot. (refUC) : | 0.500+0.866j  0.000-0.000j |
                      |-0.000-0.000j  0.500-0.866j |

translation         :  [   0.0000   0.0000   0.0000 ] 
translation (refUC) :  [   0.0000   0.0000   0.0000 ] 

axis: [-0.  0.  1.] ; angle = -2/3 pi, inversion : True


 ### 10 

rotation : |  0   0   1 |     rotation : |  0  -1   0 |
           |  0   1   0 |      (refUC)   | -1   0   0 |
           |  1   0   0 |                |  0   0   1 |

spinor rot.         : | 0.000+0.000j -0.866-0.500j |
                      | 0.866-0.500j  0.000-0.000j |
spinor rot. (refUC) : |-0.000-0.000j  0.866+0.500j |
                      |-0.866+0.500j -0.000+0.000j |

translation         :  [   0.0000   0.0000   0.0000 ] 
translation (refUC) :  [   0.0000   0.0000   0.0000 ] 

axis: [0.5      0.866025 0.      ] ; angle = 1 pi, inversion : True


 ### 11 

rotation : |  0   1   0 |     rotation : | -1   1   0 |
           |  1   0   0 |      (refUC)   |  0   1   0 |
           |  0   0   1 |                |  0   0   1 |

spinor rot.         : | 0.000+0.000j  0.000-1.000j |
                      | 0.000-1.000j  0.000+0.000j |
spinor rot. (refUC) : |-0.000+0.000j  0.000+1.000j |
                      | 0.000+1.000j -0.000+0.000j |

translation         :  [   0.0000   0.0000   0.0000 ] 
translation (refUC) :  [   0.0000   0.0000   0.0000 ] 

axis: [1. 0. 0.] ; angle = 1 pi, inversion : True


 ### 12 

rotation : |  1   0   0 |     rotation : |  1   0   0 |
           |  0   0   1 |      (refUC)   |  1  -1   0 |
           |  0   1   0 |                |  0   0   1 |

spinor rot.         : | 0.000-0.000j -0.866+0.500j |
                      | 0.866+0.500j  0.000+0.000j |
spinor rot. (refUC) : | 0.000-0.000j -0.866+0.500j |
                      | 0.866+0.500j  0.000+0.000j |

translation         :  [   0.0000   0.0000   0.0000 ] 
translation (refUC) :  [   0.0000   0.0000   0.0000 ] 

axis: [-0.5       0.866025  0.      ] ; angle = 1 pi, inversion : True

Reading symmetries from tables


k-point   1 :[ 5.00000000e-01  5.00000000e-01 -5.55111512e-17] 
 number of states = 1530
   Energy  |   degeneracy  |       irreps       | sym. operations  
           |               |                    |     1        5        7       11    
 -45.9897  |        2      | -F3(1.0), -F4(1.0) |   2.0000   0.0000   2.0000   0.0000
 -45.5497  |        2      | -F5(1.0), -F6(1.0) |   2.0000   0.0000  -2.0000   0.0000
 -45.4995  |        2      | -F3(1.0), -F4(1.0) |   2.0000   0.0000   2.0000  -0.0000
 -45.2352  |        2      | -F3(1.0), -F4(1.0) |   2.0000   0.0000   2.0000   0.0000
 -45.0895  |        2      | -F3(1.0), -F4(1.0) |   2.0000   0.0000   2.0000  -0.0000
 -44.9466  |        2      | -F5(1.0), -F6(1.0) |   2.0000  -0.0000  -2.0000  -0.0000
 -44.8846  |        2      | -F3(1.0), -F4(1.0) |   2.0000  -0.0000   2.0000   0.0000
 -44.6592  |        2      | -F3(1.0), -F4(1.0) |   2.0000   0.0000   2.0000   0.0000
 -44.5035  |        2      | -F5(1.0), -F6(1.0) |   2.0000   0.0000  -2.0000  -0.0000
 -44.4844  |        2      | -F3(1.0), -F4(1.0) |   2.0000   0.0000   2.0000   0.0000
 -44.4060  |        2      | -F3(1.0), -F4(1.0) |   2.0000  -0.0000   2.0000  -0.0000
 -44.2201  |        2      | -F5(1.0), -F6(1.0) |   2.0000  -0.0000  -2.0000  -0.0000
 -44.1535  |        2      | -F3(1.0), -F4(1.0) |   2.0000  -0.0000   2.0000   0.0000
 -44.1157  |        2      | -F3(1.0), -F4(1.0) |   2.0000   0.0000   2.0000   0.0000
 -43.9386  |        2      | -F5(1.0), -F6(1.0) |   2.0000   0.0000  -2.0000   0.0000
 -24.2204  |        2      | -F3(1.0), -F4(1.0) |   2.0000   0.0000   2.0000   0.0000
 -24.1901  |        2      | -F5(1.0), -F6(1.0) |   2.0000  -0.0000  -2.0000   0.0000
 -24.1888  |        2      | -F3(1.0), -F4(1.0) |   2.0000  -0.0000   2.0000  -0.0000
 -24.1582  |        2      | -F5(1.0), -F6(1.0) |   2.0000   0.0000  -2.0000   0.0000
 -21.3883  |        2      | -F3(1.0), -F4(1.0) |   2.0000  -0.0000   2.0000   0.0000
 -21.3560  |        2      | -F5(1.0), -F6(1.0) |   2.0000  -0.0000  -2.0000   0.0000
 -21.3517  |        2      | -F3(1.0), -F4(1.0) |   2.0000   0.0000   2.0000   0.0000
 -21.3324  |        2      | -F5(1.0), -F6(1.0) |   2.0000  -0.0000  -2.0000  -0.0000
 -21.3309  |        2      | -F3(1.0), -F4(1.0) |   2.0000   0.0000   2.0000   0.0000
 -21.3073  |        2      | -F5(1.0), -F6(1.0) |   2.0000  -0.0000  -2.0000   0.0000
 -13.4331  |        2      | -F3(1.0), -F4(1.0) |   2.0000  -0.0000   2.0000  -0.0000
 -13.2050  |        2      | -F5(1.0), -F6(1.0) |   2.0000   0.0000  -2.0000  -0.0000
 -13.0423  |        2      | -F3(1.0), -F4(1.0) |   2.0000  -0.0000   2.0000   0.0000
 -10.4572  |        2      | -F5(1.0), -F6(1.0) |   2.0000  -0.0000  -2.0000   0.0000
  -9.9591  |        2      | -F3(1.0), -F4(1.0) |   2.0000   0.0000   2.0000  -0.0000
  -4.9402  |        2      | -F5(1.0), -F6(1.0) |   2.0000  -0.0000  -2.0000   0.0000
  -3.9141  |        2      | -F3(1.0), -F4(1.0) |   2.0000   0.0000   2.0000   0.0000
  -3.7653  |        2      | -F5(1.0), -F6(1.0) |   2.0000   0.0000  -2.0000   0.0000
  -3.0514  |        2      | -F5(1.0), -F6(1.0) |   2.0000   0.0000  -2.0000   0.0000
  -2.3543  |        2      | -F3(1.0), -F4(1.0) |   2.0000   0.0000   2.0000  -0.0000
  -1.7460  |        2      | -F5(1.0), -F6(1.0) |   2.0000  -0.0000  -2.0000   0.0000
  -1.5163  |        2      | -F3(1.0), -F4(1.0) |   2.0000   0.0000   2.0000  -0.0000
  -1.4253  |        2      | -F5(1.0), -F6(1.0) |   2.0000   0.0000  -2.0000   0.0000
  -0.7837  |        2      | -F5(1.0), -F6(1.0) |   2.0000   0.0000  -2.0000  -0.0000
inversion is # 7
number of inversions-odd Kramers pairs :  18
Gap with upper bands :  1.9977606144176843
Reading symmetries from tables


k-point  16 :[0. 0. 0.] 
 number of states = 516
   Energy  |   degeneracy  |        irreps        | sym. operations  
           |               |                      |     1        2        3        4        5        6        7        8        9       10       11       12    
 -45.3896  |        2      | -GM9(1.0)            |   2.0000   1.0000   1.0000  -0.0000  -0.0000  -0.0000  -2.0000  -1.0000  -1.0000   0.0000  -0.0000   0.0000
 -45.3479  |        2      | -GM8(1.0)            |   2.0000   1.0000   1.0000   0.0000  -0.0000   0.0000   2.0000   1.0000   1.0000   0.0000   0.0000  -0.0000
 -45.2018  |        2      | -GM4(1.0), -GM5(1.0) |   2.0000  -2.0000  -2.0000   0.0000   0.0000  -0.0000   2.0000  -2.0000  -2.0000   0.0000  -0.0000   0.0000
 -45.1856  |        2      | -GM6(1.0), -GM7(1.0) |   2.0000  -2.0000  -2.0000  -0.0000  -0.0000  -0.0000  -2.0000   2.0000   2.0000  -0.0000  -0.0000   0.0000
 -44.9355  |        2      | -GM8(1.0)            |   2.0000   1.0000   1.0000   0.0000   0.0000   0.0000   2.0000   1.0000   1.0000   0.0000  -0.0000   0.0000
 -44.9322  |        2      | -GM4(1.0), -GM5(1.0) |   2.0000  -2.0000  -2.0000   0.0000   0.0000   0.0000   2.0000  -2.0000  -2.0000   0.0000  -0.0000   0.0000
 -44.1014  |        2      | -GM4(1.0), -GM5(1.0) |   2.0000  -2.0000  -2.0000   0.0000  -0.0000   0.0000   2.0000  -2.0000  -2.0000   0.0000   0.0000   0.0000
 -44.0710  |        2      | -GM8(1.0)            |   2.0000   1.0000   1.0000   0.0000   0.0000   0.0000   2.0000   1.0000   1.0000   0.0000   0.0000   0.0000
 -44.0154  |        2      | -GM6(1.0), -GM7(1.0) |   2.0000  -2.0000  -2.0000   0.0000   0.0000   0.0000  -2.0000   2.0000   2.0000  -0.0000  -0.0000  -0.0000
 -43.8593  |        2      | -GM4(1.0), -GM5(1.0) |   2.0000  -2.0000  -2.0000   0.0000   0.0000   0.0000   2.0000  -2.0000  -2.0000   0.0000   0.0000   0.0000
 -43.8401  |        2      | -GM9(1.0)            |   2.0000   1.0000   1.0000  -0.0000  -0.0000  -0.0000  -2.0000  -1.0000  -1.0000   0.0000  -0.0000   0.0000
 -43.8005  |        2      | -GM8(1.0)            |   2.0000   1.0000   1.0000   0.0000  -0.0000   0.0000   2.0000   1.0000   1.0000   0.0000  -0.0000   0.0000
 -43.6730  |        2      | -GM8(1.0)            |   2.0000   1.0000   1.0000   0.0000   0.0000   0.0000   2.0000   1.0000   1.0000   0.0000  -0.0000   0.0000
 -43.5652  |        2      | -GM9(1.0)            |   2.0000   1.0000   1.0000  -0.0000   0.0000  -0.0000  -2.0000  -1.0000  -1.0000   0.0000   0.0000   0.0000
 -43.5418  |        2      | -GM8(1.0)            |   2.0000   1.0000   1.0000   0.0000   0.0000   0.0000   2.0000   1.0000   1.0000   0.0000   0.0000   0.0000
 -24.1817  |        2      | -GM8(1.0)            |   2.0000   1.0000   1.0000   0.0000  -0.0000   0.0000   2.0000   1.0000   1.0000   0.0000  -0.0000   0.0000
 -24.1426  |        2      | -GM4(1.0), -GM5(1.0) |   2.0000  -2.0000  -2.0000   0.0000   0.0000   0.0000   2.0000  -2.0000  -2.0000   0.0000  -0.0000   0.0000
 -24.1322  |        2      | -GM6(1.0), -GM7(1.0) |   2.0000  -2.0000  -2.0000   0.0000   0.0000  -0.0000  -2.0000   2.0000   2.0000  -0.0000   0.0000   0.0000
 -24.1027  |        2      | -GM9(1.0)            |   2.0000   1.0000   1.0000  -0.0000   0.0000  -0.0000  -2.0000  -1.0000  -1.0000   0.0000   0.0000   0.0000
 -21.3649  |        2      | -GM4(1.0), -GM5(1.0) |   2.0000  -2.0000  -2.0000   0.0000  -0.0000   0.0000   2.0000  -2.0000  -2.0000   0.0000   0.0000   0.0000
 -21.3128  |        2      | -GM8(1.0)            |   2.0000   1.0000   1.0000   0.0000   0.0000   0.0000   2.0000   1.0000   1.0000   0.0000  -0.0000   0.0000
 -21.3102  |        2      | -GM9(1.0)            |   2.0000   1.0000   1.0000  -0.0000   0.0000  -0.0000  -2.0000  -1.0000  -1.0000   0.0000  -0.0000   0.0000
 -21.2869  |        2      | -GM6(1.0), -GM7(1.0) |   2.0000  -2.0000  -2.0000   0.0000   0.0000  -0.0000  -2.0000   2.0000   2.0000   0.0000   0.0000  -0.0000
 -21.2850  |        2      | -GM8(1.0)            |   2.0000   1.0000   1.0000   0.0000   0.0000   0.0000   2.0000   1.0000   1.0000   0.0000   0.0000   0.0000
 -21.2597  |        2      | -GM9(1.0)            |   2.0000   1.0000   1.0000  -0.0000   0.0000  -0.0000  -2.0000  -1.0000  -1.0000   0.0000   0.0000   0.0000
 -14.6412  |        2      | -GM8(1.0)            |   2.0000   1.0000   1.0000   0.0000   0.0000   0.0000   2.0000   1.0000   1.0000   0.0000   0.0000   0.0000
 -13.7861  |        2      | -GM9(1.0)            |   2.0000   1.0000   1.0000  -0.0000  -0.0000  -0.0000  -2.0000  -1.0000  -1.0000   0.0000  -0.0000   0.0000
 -13.5403  |        2      | -GM8(1.0)            |   2.0000   1.0000   1.0000   0.0000   0.0000   0.0000   2.0000   1.0000   1.0000   0.0000   0.0000   0.0000
  -9.7519  |        2      | -GM9(1.0)            |   2.0000   1.0000   1.0000  -0.0000  -0.0000  -0.0000  -2.0000  -1.0000  -1.0000   0.0000  -0.0000   0.0000
  -8.9268  |        2      | -GM8(1.0)            |   2.0000   1.0000   1.0000   0.0000  -0.0000   0.0000   2.0000   1.0000   1.0000   0.0000   0.0000   0.0000
  -2.5380  |        2      | -GM9(1.0)            |   2.0000   1.0000   1.0000  -0.0000   0.0000  -0.0000  -2.0000  -1.0000  -1.0000   0.0000  -0.0000   0.0000
  -2.2259  |        2      | -GM8(1.0)            |   2.0000   1.0000   1.0000   0.0000   0.0000   0.0000   2.0000   1.0000   1.0000   0.0000  -0.0000   0.0000
  -1.6323  |        2      | -GM9(1.0)            |   2.0000   1.0000   1.0000  -0.0000   0.0000  -0.0000  -2.0000  -1.0000  -1.0000   0.0000  -0.0000   0.0000
  -1.6078  |        2      | -GM8(1.0)            |   2.0000   1.0000   1.0000   0.0000  -0.0000   0.0000   2.0000   1.0000   1.0000   0.0000  -0.0000   0.0000
  -1.5196  |        2      | -GM6(1.0), -GM7(1.0) |   2.0000  -2.0000  -2.0000  -0.0000  -0.0000  -0.0000  -2.0000   2.0000   2.0000  -0.0000  -0.0000   0.0000
  -1.2255  |        2      | -GM4(1.0), -GM5(1.0) |   2.0000  -2.0000  -2.0000   0.0000   0.0000   0.0000   2.0000  -2.0000  -2.0000   0.0000  -0.0000   0.0000
  -1.2160  |        2      | -GM9(1.0)            |   2.0000   1.0000   1.0000  -0.0000   0.0000  -0.0000  -2.0000  -1.0000  -1.0000   0.0000  -0.0000   0.0000
  -0.8020  |        2      | -GM6(1.0), -GM7(1.0) |   2.0000  -2.0000  -2.0000  -0.0000  -0.0000  -0.0000  -2.0000   2.0000   2.0000   0.0000   0.0000  -0.0000
  -0.2113  |        2      | -GM8(1.0)            |   2.0000   1.0000   1.0000   0.0000   0.0000   0.0000   2.0000   1.0000   1.0000   0.0000   0.0000   0.0000
inversion is # 7
number of inversions-odd Kramers pairs :  17
Gap with upper bands :  0.3511546589157817
Reading symmetries from tables


k-point  31 :[ 2.77555756e-17  5.00000000e-01 -5.55111512e-17] 
 number of states = 1530
   Energy  |   degeneracy  |       irreps       | sym. operations  
           |               |                    |     1        4        7       10    
 -45.6626  |        2      | -L5(1.0), -L6(1.0) |   2.0000  -0.0000  -2.0000   0.0000
 -45.6050  |        2      | -L3(1.0), -L4(1.0) |   2.0000   0.0000   2.0000   0.0000
 -45.3023  |        2      | -L3(1.0), -L4(1.0) |   2.0000   0.0000   2.0000   0.0000
 -45.2243  |        2      | -L5(1.0), -L6(1.0) |   2.0000   0.0000  -2.0000  -0.0000
 -45.0986  |        2      | -L3(1.0), -L4(1.0) |   2.0000  -0.0000   2.0000  -0.0000
 -44.8611  |        2      | -L5(1.0), -L6(1.0) |   2.0000   0.0000  -2.0000  -0.0000
 -44.8585  |        2      | -L3(1.0), -L4(1.0) |   2.0000   0.0000   2.0000   0.0000
 -44.7206  |        2      | -L3(1.0), -L4(1.0) |   2.0000   0.0000   2.0000   0.0000
 -44.5245  |        2      | -L3(1.0), -L4(1.0) |   2.0000   0.0000   2.0000   0.0000
 -44.4482  |        2      | -L5(1.0), -L6(1.0) |   2.0000  -0.0000  -2.0000   0.0000
 -44.2601  |        2      | -L3(1.0), -L4(1.0) |   2.0000  -0.0000   2.0000  -0.0000
 -44.1054  |        2      | -L3(1.0), -L4(1.0) |   2.0000   0.0000   2.0000   0.0000
 -43.9633  |        2      | -L3(1.0), -L4(1.0) |   2.0000   0.0000   2.0000   0.0000
 -43.9141  |        2      | -L5(1.0), -L6(1.0) |   2.0000  -0.0000  -2.0000   0.0000
 -43.7470  |        2      | -L3(1.0), -L4(1.0) |   2.0000  -0.0000   2.0000   0.0000
 -24.2232  |        2      | -L5(1.0), -L6(1.0) |   2.0000  -0.0000  -2.0000   0.0000
 -24.2023  |        2      | -L3(1.0), -L4(1.0) |   2.0000   0.0000   2.0000   0.0000
 -24.1493  |        2      | -L5(1.0), -L6(1.0) |   2.0000  -0.0000  -2.0000   0.0000
 -24.1406  |        2      | -L3(1.0), -L4(1.0) |   2.0000   0.0000   2.0000   0.0000
 -21.3848  |        2      | -L5(1.0), -L6(1.0) |   2.0000  -0.0000  -2.0000   0.0000
 -21.3725  |        2      | -L3(1.0), -L4(1.0) |   2.0000   0.0000   2.0000   0.0000
 -21.3434  |        2      | -L5(1.0), -L6(1.0) |   2.0000   0.0000  -2.0000   0.0000
 -21.3289  |        2      | -L3(1.0), -L4(1.0) |   2.0000   0.0000   2.0000   0.0000
 -21.2957  |        2      | -L5(1.0), -L6(1.0) |   2.0000  -0.0000  -2.0000   0.0000
 -21.2888  |        2      | -L3(1.0), -L4(1.0) |   2.0000  -0.0000   2.0000  -0.0000
 -13.4452  |        2      | -L3(1.0), -L4(1.0) |   2.0000   0.0000   2.0000   0.0000
 -13.1708  |        2      | -L3(1.0), -L4(1.0) |   2.0000   0.0000   2.0000   0.0000
 -13.0661  |        2      | -L5(1.0), -L6(1.0) |   2.0000  -0.0000  -2.0000   0.0000
 -10.4153  |        2      | -L5(1.0), -L6(1.0) |   2.0000  -0.0000  -2.0000   0.0000
 -10.0029  |        2      | -L3(1.0), -L4(1.0) |   2.0000   0.0000   2.0000   0.0000
  -5.1782  |        2      | -L5(1.0), -L6(1.0) |   2.0000  -0.0000  -2.0000   0.0000
  -3.5729  |        2      | -L5(1.0), -L6(1.0) |   2.0000  -0.0000  -2.0000   0.0000
  -3.2959  |        2      | -L3(1.0), -L4(1.0) |   2.0000   0.0000   2.0000   0.0000
  -2.8783  |        2      | -L5(1.0), -L6(1.0) |   2.0000   0.0000  -2.0000  -0.0000
  -2.7515  |        2      | -L3(1.0), -L4(1.0) |   2.0000   0.0000   2.0000   0.0000
  -2.3107  |        2      | -L3(1.0), -L4(1.0) |   2.0000  -0.0000   2.0000  -0.0000
  -1.9422  |        2      | -L5(1.0), -L6(1.0) |   2.0000  -0.0000  -2.0000   0.0000
  -1.0625  |        2      | -L5(1.0), -L6(1.0) |   2.0000   0.0000  -2.0000  -0.0000
  -0.3709  |        2      | -L5(1.0), -L6(1.0) |   2.0000  -0.0000  -2.0000   0.0000
inversion is # 7
number of inversions-odd Kramers pairs :  18
Gap with upper bands :  1.155502825077427
Reading symmetries from tables


k-point  46 :[0.5 0.5 0.5] 
 number of states = 510
   Energy  |   degeneracy  |       irreps       | sym. operations  
           |               |                    |     1        2        3        4        5        6        7        8        9       10       11       12    
 -45.2790  |        2      | -T8(1.0)           |   2.0000   1.0000   1.0000   0.0000  -0.0000   0.0000   2.0000   1.0000   1.0000   0.0000  -0.0000   0.0000
 -45.0661  |        2      | -T4(1.0), -T5(1.0) |   2.0000  -2.0000  -2.0000  -0.0000   0.0000  -0.0000   2.0000  -2.0000  -2.0000  -0.0000   0.0000   0.0000
 -44.9353  |        2      | -T8(1.0)           |   2.0000   1.0000   1.0000   0.0000   0.0000   0.0000   2.0000   1.0000   1.0000   0.0000   0.0000   0.0000
 -44.7890  |        2      | -T6(1.0), -T7(1.0) |   2.0000  -2.0000  -2.0000  -0.0000   0.0000  -0.0000  -2.0000   2.0000   2.0000   0.0000   0.0000   0.0000
 -44.7219  |        2      | -T9(1.0)           |   2.0000   1.0000   1.0000  -0.0000  -0.0000  -0.0000  -2.0000  -1.0000  -1.0000   0.0000  -0.0000   0.0000
 -44.7027  |        2      | -T4(1.0), -T5(1.0) |   2.0000  -2.0000  -2.0000   0.0000  -0.0000   0.0000   2.0000  -2.0000  -2.0000   0.0000   0.0000   0.0000
 -44.4996  |        2      | -T8(1.0)           |   2.0000   1.0000   1.0000   0.0000  -0.0000   0.0000   2.0000   1.0000   1.0000   0.0000  -0.0000   0.0000
 -44.2011  |        2      | -T8(1.0)           |   2.0000   1.0000   1.0000   0.0000  -0.0000   0.0000   2.0000   1.0000   1.0000   0.0000   0.0000   0.0000
 -44.1603  |        2      | -T9(1.0)           |   2.0000   1.0000   1.0000  -0.0000   0.0000  -0.0000  -2.0000  -1.0000  -1.0000   0.0000  -0.0000   0.0000
 -44.0840  |        2      | -T4(1.0), -T5(1.0) |   2.0000  -2.0000  -2.0000  -0.0000  -0.0000   0.0000   2.0000  -2.0000  -2.0000  -0.0000  -0.0000  -0.0000
 -43.8820  |        2      | -T8(1.0)           |   2.0000   1.0000   1.0000   0.0000   0.0000  -0.0000   2.0000   1.0000   1.0000   0.0000   0.0000   0.0000
 -43.8491  |        2      | -T4(1.0), -T5(1.0) |   2.0000  -2.0000  -2.0000   0.0000   0.0000   0.0000   2.0000  -2.0000  -2.0000   0.0000   0.0000   0.0000
 -43.6011  |        2      | -T8(1.0)           |   2.0000   1.0000   1.0000   0.0000   0.0000  -0.0000   2.0000   1.0000   1.0000   0.0000  -0.0000  -0.0000
 -43.5102  |        2      | -T6(1.0), -T7(1.0) |   2.0000  -2.0000  -2.0000  -0.0000  -0.0000  -0.0000  -2.0000   2.0000   2.0000   0.0000  -0.0000  -0.0000
 -43.5081  |        2      | -T9(1.0)           |   2.0000   1.0000   1.0000  -0.0000   0.0000  -0.0000  -2.0000  -1.0000  -1.0000   0.0000  -0.0000   0.0000
 -24.1475  |        2      | -T8(1.0)           |   2.0000   1.0000   1.0000   0.0000   0.0000   0.0000   2.0000   1.0000   1.0000   0.0000  -0.0000   0.0000
 -24.1405  |        2      | -T6(1.0), -T7(1.0) |   2.0000  -2.0000  -2.0000  -0.0000  -0.0000  -0.0000  -2.0000   2.0000   2.0000  -0.0000   0.0000  -0.0000
 -24.1287  |        2      | -T9(1.0)           |   2.0000   1.0000   1.0000  -0.0000   0.0000  -0.0000  -2.0000  -1.0000  -1.0000   0.0000  -0.0000   0.0000
 -24.1247  |        2      | -T4(1.0), -T5(1.0) |   2.0000  -2.0000  -2.0000  -0.0000   0.0000  -0.0000   2.0000  -2.0000  -2.0000  -0.0000  -0.0000  -0.0000
 -21.3185  |        2      | -T9(1.0)           |   2.0000   1.0000   1.0000  -0.0000  -0.0000  -0.0000  -2.0000  -1.0000  -1.0000  -0.0000   0.0000  -0.0000
 -21.3119  |        2      | -T8(1.0)           |   2.0000   1.0000   1.0000   0.0000   0.0000   0.0000   2.0000   1.0000   1.0000   0.0000   0.0000   0.0000
 -21.3021  |        2      | -T4(1.0), -T5(1.0) |   2.0000  -2.0000  -2.0000   0.0000  -0.0000  -0.0000   2.0000  -2.0000  -2.0000  -0.0000   0.0000   0.0000
 -21.3019  |        2      | -T9(1.0)           |   2.0000   1.0000   1.0000  -0.0000  -0.0000  -0.0000  -2.0000  -1.0000  -1.0000   0.0000  -0.0000   0.0000
 -21.2895  |        2      | -T8(1.0)           |   2.0000   1.0000   1.0000   0.0000   0.0000   0.0000   2.0000   1.0000   1.0000   0.0000   0.0000   0.0000
 -21.2787  |        2      | -T6(1.0), -T7(1.0) |   2.0000  -2.0000  -2.0000   0.0000   0.0000   0.0000  -2.0000   2.0000   2.0000  -0.0000   0.0000   0.0000
 -14.5405  |        2      | -T8(1.0)           |   2.0000   1.0000   1.0000   0.0000  -0.0000   0.0000   2.0000   1.0000   1.0000   0.0000  -0.0000   0.0000
 -14.1375  |        2      | -T9(1.0)           |   2.0000   1.0000   1.0000  -0.0000   0.0000  -0.0000  -2.0000  -1.0000  -1.0000   0.0000   0.0000   0.0000
 -13.2353  |        2      | -T8(1.0)           |   2.0000   1.0000   1.0000   0.0000   0.0000   0.0000   2.0000   1.0000   1.0000   0.0000  -0.0000   0.0000
  -9.9934  |        2      | -T9(1.0)           |   2.0000   1.0000   1.0000  -0.0000   0.0000  -0.0000  -2.0000  -1.0000  -1.0000   0.0000   0.0000   0.0000
  -8.7132  |        2      | -T8(1.0)           |   2.0000   1.0000   1.0000   0.0000  -0.0000   0.0000   2.0000   1.0000   1.0000   0.0000   0.0000   0.0000
  -2.7669  |        2      | -T9(1.0)           |   2.0000   1.0000   1.0000  -0.0000  -0.0000  -0.0000  -2.0000  -1.0000  -1.0000   0.0000   0.0000   0.0000
  -1.9451  |        2      | -T9(1.0)           |   2.0000   1.0000   1.0000  -0.0000   0.0000  -0.0000  -2.0000  -1.0000  -1.0000   0.0000  -0.0000   0.0000
  -1.8132  |        2      | -T8(1.0)           |   2.0000   1.0000   1.0000   0.0000  -0.0000   0.0000   2.0000   1.0000   1.0000   0.0000  -0.0000   0.0000
  -1.5454  |        2      | -T6(1.0), -T7(1.0) |   2.0000  -2.0000  -2.0000  -0.0000   0.0000   0.0000  -2.0000   2.0000   2.0000  -0.0000   0.0000  -0.0000
  -1.4836  |        2      | -T9(1.0)           |   2.0000   1.0000   1.0000  -0.0000  -0.0000  -0.0000  -2.0000  -1.0000  -1.0000   0.0000   0.0000   0.0000
  -1.1998  |        2      | -T9(1.0)           |   2.0000   1.0000   1.0000  -0.0000  -0.0000  -0.0000  -2.0000  -1.0000  -1.0000   0.0000   0.0000   0.0000
  -1.0979  |        2      | -T6(1.0), -T7(1.0) |   2.0000  -2.0000  -2.0000   0.0000   0.0000  -0.0000  -2.0000   2.0000   2.0000  -0.0000   0.0000   0.0000
  -0.9254  |        2      | -T4(1.0), -T5(1.0) |   2.0000  -2.0000  -2.0000  -0.0000   0.0000   0.0000   2.0000  -2.0000  -2.0000   0.0000  -0.0000  -0.0000
  -0.4630  |        2      | -T8(1.0)           |   2.0000   1.0000   1.0000   0.0000   0.0000   0.0000   2.0000   1.0000   1.0000   0.0000  -0.0000   0.0000
inversion is # 7
number of inversions-odd Kramers pairs :  18
Gap with upper bands :  0.9349127841710505
number of inversions-odd Kramers pairs IN THE LISTED KPOINTS:  71   Z4=  3
Minimal direct gap: 0.3511546589157817  eV
indirect  gap: 0.3511546589157817  eV
