'NoneType' object has no attribute 'split'


 ----------INFORMATION ABOUT THE UNIT CELL----------- 


Primitive vectors : 
 [[0.         3.15450001 3.15450001]
 [3.15450001 0.         3.15450001]
 [3.15450001 3.15450001 0.        ]] 
 Atomic positions: 
 [[0.  0.  0. ]
 [0.5 0.5 0.5]] 
 Atom type indices: 
 [1, 2]
 Reciprocal lattice:
 [[-0.99590827  0.99590827  0.99590827]
 [ 0.99590827 -0.99590827  0.99590827]
 [ 0.99590827  0.99590827 -0.99590827]]
Reading symmetries from tables
Placing origin at  [0. 0. 0.]
where [0. 0. 0.] = [0. 0. 0.] + [0. 0. 0.] x refUC

The transformation to the convenctional cell is given by:
        |  -1.0000  1.0000  1.0000 |
refUC = |   1.0000 -1.0000  1.0000 |    shiftUC = [-0. -0. -0.]
        |   1.0000  1.0000 -1.0000 |

Lattice vectors of DFT (a) and reference (c) cells:
a(0)=[  0.0000  3.1545  3.1545 ]    c(0)=[  6.3090  0.0000  0.0000 ]
a(1)=[  3.1545  0.0000  3.1545 ]    c(1)=[  0.0000  6.3090  0.0000 ]
a(2)=[  3.1545  3.1545  0.0000 ]    c(2)=[  0.0000  0.0000  6.3090 ]
Efermi: 9.8684 eV
Found cutoff:   450.212381 eV   Largest plane wave energy in K-point    1:   445.906311 eV
Found cutoff:   450.212381 eV   Largest plane wave energy in K-point   31:   448.740461 eV
Found cutoff:   450.212381 eV   Largest plane wave energy in K-point   46:   438.348576 eV


 ---------- INFORMATION ABOUT THE SPACE GROUP ---------- 


Space group Fm-3m (# 225) has 48 symmetry operations  

 ### 1 

rotation : |  1   0   0 |     rotation : |  1   0   0 |
           |  0   1   0 |      (refUC)   |  0   1   0 |
           |  0   0   1 |                |  0   0   1 |

spinor rot.         : | 1.000+0.000j  0.000+0.000j |
                      | 0.000+0.000j  1.000+0.000j |
spinor rot. (refUC) : | 1.000+0.000j  0.000+0.000j |
                      | 0.000+0.000j  1.000+0.000j |

translation         :  [   0.0000   0.0000   0.0000 ] 
translation (refUC) :  [   0.0000   0.0000   0.0000 ] 

axis: [0. 0. 1.] ; angle =  0 , inversion : False


 ### 2 

rotation : |  0   1   0 |     rotation : | -1   0   0 |
           |  1   0   0 |      (refUC)   |  0  -1   0 |
           | -1  -1  -1 |                |  0   0   1 |

spinor rot.         : | 0.000-1.000j  0.000+0.000j |
                      | 0.000+0.000j  0.000+1.000j |
spinor rot. (refUC) : | 0.000-1.000j  0.000+0.000j |
                      | 0.000+0.000j  0.000+1.000j |

translation         :  [   0.0000   0.0000   0.0000 ] 
translation (refUC) :  [   0.0000   0.0000   0.0000 ] 

axis: [0. 0. 1.] ; angle = 1 pi, inversion : False


 ### 3 

rotation : |  0   0   1 |     rotation : | -1   0   0 |
           | -1  -1  -1 |      (refUC)   |  0   1   0 |
           |  1   0   0 |                |  0   0  -1 |

spinor rot.         : | 0.000+0.000j -1.000+0.000j |
                      | 1.000+0.000j  0.000+0.000j |
spinor rot. (refUC) : | 0.000+0.000j -1.000+0.000j |
                      | 1.000+0.000j  0.000+0.000j |

translation         :  [   0.0000   0.0000   0.0000 ] 
translation (refUC) :  [   0.0000   0.0000   0.0000 ] 

axis: [0. 1. 0.] ; angle = 1 pi, inversion : False


 ### 4 

rotation : | -1  -1  -1 |     rotation : |  1   0   0 |
           |  0   0   1 |      (refUC)   |  0  -1   0 |
           |  0   1   0 |                |  0   0  -1 |

spinor rot.         : | 0.000+0.000j  0.000-1.000j |
                      | 0.000-1.000j  0.000+0.000j |
spinor rot. (refUC) : | 0.000+0.000j  0.000-1.000j |
                      | 0.000-1.000j  0.000+0.000j |

translation         :  [   0.0000   0.0000   0.0000 ] 
translation (refUC) :  [   0.0000   0.0000   0.0000 ] 

axis: [1. 0. 0.] ; angle = 1 pi, inversion : False


 ### 5 

rotation : |  0   0   1 |     rotation : |  0   0   1 |
           |  1   0   0 |      (refUC)   |  1   0   0 |
           |  0   1   0 |                |  0   1   0 |

spinor rot.         : | 0.500-0.500j -0.500-0.500j |
                      | 0.500-0.500j  0.500+0.500j |
spinor rot. (refUC) : | 0.500-0.500j -0.500-0.500j |
                      | 0.500-0.500j  0.500+0.500j |

translation         :  [   0.0000   0.0000   0.0000 ] 
translation (refUC) :  [   0.0000   0.0000   0.0000 ] 

axis: [-0.57735 -0.57735 -0.57735] ; angle = -2/3 pi, inversion : False


 ### 6 

rotation : | -1  -1  -1 |     rotation : |  0   0   1 |
           |  0   1   0 |      (refUC)   | -1   0   0 |
           |  1   0   0 |                |  0  -1   0 |

spinor rot.         : | 0.500+0.500j -0.500+0.500j |
                      | 0.500+0.500j  0.500-0.500j |
spinor rot. (refUC) : | 0.500+0.500j -0.500+0.500j |
                      | 0.500+0.500j  0.500-0.500j |

translation         :  [   0.0000   0.0000   0.0000 ] 
translation (refUC) :  [   0.0000   0.0000   0.0000 ] 

axis: [ 0.57735 -0.57735  0.57735] ; angle = -2/3 pi, inversion : False


 ### 7 

rotation : |  1   0   0 |     rotation : |  0   0  -1 |
           |  0   0   1 |      (refUC)   | -1   0   0 |
           | -1  -1  -1 |                |  0   1   0 |

spinor rot.         : | 0.500+0.500j  0.500-0.500j |
                      |-0.500-0.500j  0.500-0.500j |
spinor rot. (refUC) : | 0.500+0.500j  0.500-0.500j |
                      |-0.500-0.500j  0.500-0.500j |

translation         :  [   0.0000   0.0000   0.0000 ] 
translation (refUC) :  [   0.0000   0.0000   0.0000 ] 

axis: [-0.57735  0.57735  0.57735] ; angle = -2/3 pi, inversion : False


 ### 8 

rotation : |  0   1   0 |     rotation : |  0   0  -1 |
           | -1  -1  -1 |      (refUC)   |  1   0   0 |
           |  0   0   1 |                |  0  -1   0 |

spinor rot.         : | 0.500-0.500j  0.500+0.500j |
                      |-0.500+0.500j  0.500+0.500j |
spinor rot. (refUC) : | 0.500-0.500j  0.500+0.500j |
                      |-0.500+0.500j  0.500+0.500j |

translation         :  [   0.0000   0.0000   0.0000 ] 
translation (refUC) :  [   0.0000   0.0000   0.0000 ] 

axis: [ 0.57735  0.57735 -0.57735] ; angle = -2/3 pi, inversion : False


 ### 9 

rotation : |  0   1   0 |     rotation : |  0   1   0 |
           |  0   0   1 |      (refUC)   |  0   0   1 |
           |  1   0   0 |                |  1   0   0 |

spinor rot.         : | 0.500+0.500j  0.500+0.500j |
                      |-0.500+0.500j  0.500-0.500j |
spinor rot. (refUC) : | 0.500+0.500j  0.500+0.500j |
                      |-0.500+0.500j  0.500-0.500j |

translation         :  [   0.0000   0.0000   0.0000 ] 
translation (refUC) :  [   0.0000   0.0000   0.0000 ] 

axis: [-0.57735 -0.57735 -0.57735] ; angle = 2/3 pi, inversion : False


 ### 10 

rotation : |  1   0   0 |     rotation : |  0  -1   0 |
           | -1  -1  -1 |      (refUC)   |  0   0   1 |
           |  0   1   0 |                | -1   0   0 |

spinor rot.         : | 0.500-0.500j -0.500+0.500j |
                      | 0.500+0.500j  0.500+0.500j |
spinor rot. (refUC) : | 0.500-0.500j -0.500+0.500j |
                      | 0.500+0.500j  0.500+0.500j |

translation         :  [   0.0000   0.0000   0.0000 ] 
translation (refUC) :  [   0.0000   0.0000   0.0000 ] 

axis: [-0.57735  0.57735  0.57735] ; angle = 2/3 pi, inversion : False


 ### 11 

rotation : | -1  -1  -1 |     rotation : |  0   1   0 |
           |  1   0   0 |      (refUC)   |  0   0  -1 |
           |  0   0   1 |                | -1   0   0 |

spinor rot.         : | 0.500+0.500j -0.500-0.500j |
                      | 0.500-0.500j  0.500-0.500j |
spinor rot. (refUC) : | 0.500+0.500j -0.500-0.500j |
                      | 0.500-0.500j  0.500-0.500j |

translation         :  [   0.0000   0.0000   0.0000 ] 
translation (refUC) :  [   0.0000   0.0000   0.0000 ] 

axis: [ 0.57735  0.57735 -0.57735] ; angle = 2/3 pi, inversion : False


 ### 12 

rotation : |  0   0   1 |     rotation : |  0  -1   0 |
           |  0   1   0 |      (refUC)   |  0   0  -1 |
           | -1  -1  -1 |                |  1   0   0 |

spinor rot.         : | 0.500-0.500j  0.500-0.500j |
                      |-0.500-0.500j  0.500+0.500j |
spinor rot. (refUC) : | 0.500-0.500j  0.500-0.500j |
                      |-0.500-0.500j  0.500+0.500j |

translation         :  [   0.0000   0.0000   0.0000 ] 
translation (refUC) :  [   0.0000   0.0000   0.0000 ] 

axis: [ 0.57735 -0.57735  0.57735] ; angle = 2/3 pi, inversion : False


 ### 13 

rotation : | -1   0   0 |     rotation : |  0   1   0 |
           |  0  -1   0 |      (refUC)   |  1   0   0 |
           |  1   1   1 |                |  0   0  -1 |

spinor rot.         : | 0.000+0.000j -0.707-0.707j |
                      | 0.707-0.707j -0.000+0.000j |
spinor rot. (refUC) : | 0.000+0.000j -0.707-0.707j |
                      | 0.707-0.707j -0.000+0.000j |

translation         :  [   0.0000   0.0000   0.0000 ] 
translation (refUC) :  [   0.0000   0.0000   0.0000 ] 

axis: [0.707107 0.707107 0.      ] ; angle = 1 pi, inversion : False


 ### 14 

rotation : |  0  -1   0 |     rotation : |  0  -1   0 |
           | -1   0   0 |      (refUC)   | -1   0   0 |
           |  0   0  -1 |                |  0   0  -1 |

spinor rot.         : | 0.000+0.000j  0.707-0.707j |
                      |-0.707-0.707j -0.000+0.000j |
spinor rot. (refUC) : |-0.000+0.000j -0.707+0.707j |
                      | 0.707+0.707j  0.000-0.000j |

translation         :  [   0.0000   0.0000   0.0000 ] 
translation (refUC) :  [   0.0000   0.0000   0.0000 ] 

axis: [ 0.707107 -0.707107  0.      ] ; angle = 1 pi, inversion : False


 ### 15 

rotation : |  0   0  -1 |     rotation : |  0   1   0 |
           |  1   1   1 |      (refUC)   | -1   0   0 |
           |  0  -1   0 |                |  0   0   1 |

spinor rot.         : | 0.707+0.707j  0.000+0.000j |
                      | 0.000+0.000j  0.707-0.707j |
spinor rot. (refUC) : | 0.707+0.707j  0.000+0.000j |
                      | 0.000+0.000j  0.707-0.707j |

translation         :  [   0.0000   0.0000   0.0000 ] 
translation (refUC) :  [   0.0000   0.0000   0.0000 ] 

axis: [0. 0. 1.] ; angle = -1/2 pi, inversion : False


 ### 16 

rotation : |  1   1   1 |     rotation : |  0  -1   0 |
           |  0   0  -1 |      (refUC)   |  1   0   0 |
           | -1   0   0 |                |  0   0   1 |

spinor rot.         : | 0.707-0.707j  0.000+0.000j |
                      | 0.000+0.000j  0.707+0.707j |
spinor rot. (refUC) : | 0.707-0.707j  0.000+0.000j |
                      | 0.000+0.000j  0.707+0.707j |

translation         :  [   0.0000   0.0000   0.0000 ] 
translation (refUC) :  [   0.0000   0.0000   0.0000 ] 

axis: [0. 0. 1.] ; angle = 1/2 pi, inversion : False


 ### 17 

rotation : |  0   0  -1 |     rotation : |  1   0   0 |
           | -1   0   0 |      (refUC)   |  0   0   1 |
           |  1   1   1 |                |  0  -1   0 |

spinor rot.         : | 0.707+0.000j  0.000+0.707j |
                      | 0.000+0.707j  0.707+0.000j |
spinor rot. (refUC) : | 0.707+0.000j  0.000+0.707j |
                      | 0.000+0.707j  0.707+0.000j |

translation         :  [   0.0000   0.0000   0.0000 ] 
translation (refUC) :  [   0.0000   0.0000   0.0000 ] 

axis: [1. 0. 0.] ; angle = -1/2 pi, inversion : False


 ### 18 

rotation : |  1   1   1 |     rotation : | -1   0   0 |
           |  0  -1   0 |      (refUC)   |  0   0   1 |
           |  0   0  -1 |                |  0   1   0 |

spinor rot.         : | 0.000-0.707j -0.707+0.000j |
                      | 0.707+0.000j  0.000+0.707j |
spinor rot. (refUC) : |-0.000+0.707j  0.707-0.000j |
                      |-0.707+0.000j -0.000-0.707j |

translation         :  [   0.0000   0.0000   0.0000 ] 
translation (refUC) :  [   0.0000   0.0000   0.0000 ] 

axis: [0.       0.707107 0.707107] ; angle = 1 pi, inversion : False


 ### 19 

rotation : | -1   0   0 |     rotation : | -1   0   0 |
           |  0   0  -1 |      (refUC)   |  0   0  -1 |
           |  0  -1   0 |                |  0  -1   0 |

spinor rot.         : | 0.000-0.707j  0.707+0.000j |
                      |-0.707+0.000j  0.000+0.707j |
spinor rot. (refUC) : | 0.000-0.707j  0.707+0.000j |
                      |-0.707+0.000j  0.000+0.707j |

translation         :  [   0.0000   0.0000   0.0000 ] 
translation (refUC) :  [   0.0000   0.0000   0.0000 ] 

axis: [ 0.       -0.707107  0.707107] ; angle = 1 pi, inversion : False


 ### 20 

rotation : |  0  -1   0 |     rotation : |  1   0   0 |
           |  1   1   1 |      (refUC)   |  0   0  -1 |
           | -1   0   0 |                |  0   1   0 |

spinor rot.         : | 0.707+0.000j  0.000-0.707j |
                      | 0.000-0.707j  0.707+0.000j |
spinor rot. (refUC) : | 0.707+0.000j  0.000-0.707j |
                      | 0.000-0.707j  0.707+0.000j |

translation         :  [   0.0000   0.0000   0.0000 ] 
translation (refUC) :  [   0.0000   0.0000   0.0000 ] 

axis: [1. 0. 0.] ; angle = 1/2 pi, inversion : False


 ### 21 

rotation : |  0  -1   0 |     rotation : |  0   0   1 |
           |  0   0  -1 |      (refUC)   |  0   1   0 |
           |  1   1   1 |                | -1   0   0 |

spinor rot.         : | 0.707+0.000j -0.707+0.000j |
                      | 0.707+0.000j  0.707+0.000j |
spinor rot. (refUC) : | 0.707+0.000j -0.707+0.000j |
                      | 0.707+0.000j  0.707+0.000j |

translation         :  [   0.0000   0.0000   0.0000 ] 
translation (refUC) :  [   0.0000   0.0000   0.0000 ] 

axis: [0. 1. 0.] ; angle = 1/2 pi, inversion : False


 ### 22 

rotation : | -1   0   0 |     rotation : |  0   0   1 |
           |  1   1   1 |      (refUC)   |  0  -1   0 |
           |  0   0  -1 |                |  1   0   0 |

spinor rot.         : | 0.000-0.707j  0.000-0.707j |
                      | 0.000-0.707j  0.000+0.707j |
spinor rot. (refUC) : | 0.000-0.707j  0.000-0.707j |
                      | 0.000-0.707j  0.000+0.707j |

translation         :  [   0.0000   0.0000   0.0000 ] 
translation (refUC) :  [   0.0000   0.0000   0.0000 ] 

axis: [0.707107 0.       0.707107] ; angle = 1 pi, inversion : False


 ### 23 

rotation : |  1   1   1 |     rotation : |  0   0  -1 |
           | -1   0   0 |      (refUC)   |  0   1   0 |
           |  0  -1   0 |                |  1   0   0 |

spinor rot.         : | 0.707+0.000j  0.707+0.000j |
                      |-0.707+0.000j  0.707+0.000j |
spinor rot. (refUC) : | 0.707+0.000j  0.707+0.000j |
                      |-0.707+0.000j  0.707+0.000j |

translation         :  [   0.0000   0.0000   0.0000 ] 
translation (refUC) :  [   0.0000   0.0000   0.0000 ] 

axis: [0. 1. 0.] ; angle = -1/2 pi, inversion : False


 ### 24 

rotation : |  0   0  -1 |     rotation : |  0   0  -1 |
           |  0  -1   0 |      (refUC)   |  0  -1   0 |
           | -1   0   0 |                | -1   0   0 |

spinor rot.         : | 0.000+0.707j  0.000-0.707j |
                      | 0.000-0.707j  0.000-0.707j |
spinor rot. (refUC) : | 0.000+0.707j  0.000-0.707j |
                      | 0.000-0.707j  0.000-0.707j |

translation         :  [   0.0000   0.0000   0.0000 ] 
translation (refUC) :  [   0.0000   0.0000   0.0000 ] 

axis: [ 0.707107  0.       -0.707107] ; angle = 1 pi, inversion : False


 ### 25 

rotation : | -1   0   0 |     rotation : | -1   0   0 |
           |  0  -1   0 |      (refUC)   |  0  -1   0 |
           |  0   0  -1 |                |  0   0  -1 |

spinor rot.         : | 1.000+0.000j  0.000+0.000j |
                      | 0.000+0.000j  1.000+0.000j |
spinor rot. (refUC) : | 1.000+0.000j  0.000+0.000j |
                      | 0.000+0.000j  1.000+0.000j |

translation         :  [   0.0000   0.0000   0.0000 ] 
translation (refUC) :  [   0.0000   0.0000   0.0000 ] 

axis: [0. 0. 1.] ; angle =  0 , inversion : True


 ### 26 

rotation : |  0  -1   0 |     rotation : |  1   0   0 |
           | -1   0   0 |      (refUC)   |  0   1   0 |
           |  1   1   1 |                |  0   0  -1 |

spinor rot.         : | 0.000-1.000j  0.000+0.000j |
                      | 0.000+0.000j  0.000+1.000j |
spinor rot. (refUC) : | 0.000-1.000j  0.000+0.000j |
                      | 0.000+0.000j  0.000+1.000j |

translation         :  [   0.0000   0.0000   0.0000 ] 
translation (refUC) :  [   0.0000   0.0000   0.0000 ] 

axis: [0. 0. 1.] ; angle = 1 pi, inversion : True


 ### 27 

rotation : |  0   0  -1 |     rotation : |  1   0   0 |
           |  1   1   1 |      (refUC)   |  0  -1   0 |
           | -1   0   0 |                |  0   0   1 |

spinor rot.         : | 0.000+0.000j -1.000+0.000j |
                      | 1.000+0.000j  0.000+0.000j |
spinor rot. (refUC) : | 0.000+0.000j -1.000+0.000j |
                      | 1.000+0.000j  0.000+0.000j |

translation         :  [   0.0000   0.0000   0.0000 ] 
translation (refUC) :  [   0.0000   0.0000   0.0000 ] 

axis: [0. 1. 0.] ; angle = 1 pi, inversion : True


 ### 28 

rotation : |  1   1   1 |     rotation : | -1   0   0 |
           |  0   0  -1 |      (refUC)   |  0   1   0 |
           |  0  -1   0 |                |  0   0   1 |

spinor rot.         : | 0.000+0.000j  0.000-1.000j |
                      | 0.000-1.000j  0.000+0.000j |
spinor rot. (refUC) : | 0.000+0.000j  0.000-1.000j |
                      | 0.000-1.000j  0.000+0.000j |

translation         :  [   0.0000   0.0000   0.0000 ] 
translation (refUC) :  [   0.0000   0.0000   0.0000 ] 

axis: [1. 0. 0.] ; angle = 1 pi, inversion : True


 ### 29 

rotation : |  0   0  -1 |     rotation : |  0   0  -1 |
           | -1   0   0 |      (refUC)   | -1   0   0 |
           |  0  -1   0 |                |  0  -1   0 |

spinor rot.         : | 0.500-0.500j -0.500-0.500j |
                      | 0.500-0.500j  0.500+0.500j |
spinor rot. (refUC) : | 0.500-0.500j -0.500-0.500j |
                      | 0.500-0.500j  0.500+0.500j |

translation         :  [   0.0000   0.0000   0.0000 ] 
translation (refUC) :  [   0.0000   0.0000   0.0000 ] 

axis: [-0.57735 -0.57735 -0.57735] ; angle = -2/3 pi, inversion : True


 ### 30 

rotation : |  1   1   1 |     rotation : |  0   0  -1 |
           |  0  -1   0 |      (refUC)   |  1   0   0 |
           | -1   0   0 |                |  0   1   0 |

spinor rot.         : | 0.500+0.500j -0.500+0.500j |
                      | 0.500+0.500j  0.500-0.500j |
spinor rot. (refUC) : | 0.500+0.500j -0.500+0.500j |
                      | 0.500+0.500j  0.500-0.500j |

translation         :  [   0.0000   0.0000   0.0000 ] 
translation (refUC) :  [   0.0000   0.0000   0.0000 ] 

axis: [-0.57735  0.57735 -0.57735] ; angle = 2/3 pi, inversion : True


 ### 31 

rotation : | -1   0   0 |     rotation : |  0   0   1 |
           |  0   0  -1 |      (refUC)   |  1   0   0 |
           |  1   1   1 |                |  0  -1   0 |

spinor rot.         : | 0.500+0.500j  0.500-0.500j |
                      |-0.500-0.500j  0.500-0.500j |
spinor rot. (refUC) : | 0.500+0.500j  0.500-0.500j |
                      |-0.500-0.500j  0.500-0.500j |

translation         :  [   0.0000   0.0000   0.0000 ] 
translation (refUC) :  [   0.0000   0.0000   0.0000 ] 

axis: [-0.57735  0.57735  0.57735] ; angle = -2/3 pi, inversion : True


 ### 32 

rotation : |  0  -1   0 |     rotation : |  0   0   1 |
           |  1   1   1 |      (refUC)   | -1   0   0 |
           |  0   0  -1 |                |  0   1   0 |

spinor rot.         : | 0.500-0.500j  0.500+0.500j |
                      |-0.500+0.500j  0.500+0.500j |
spinor rot. (refUC) : | 0.500-0.500j  0.500+0.500j |
                      |-0.500+0.500j  0.500+0.500j |

translation         :  [   0.0000   0.0000   0.0000 ] 
translation (refUC) :  [   0.0000   0.0000   0.0000 ] 

axis: [-0.57735 -0.57735  0.57735] ; angle = 2/3 pi, inversion : True


 ### 33 

rotation : |  0  -1   0 |     rotation : |  0  -1   0 |
           |  0   0  -1 |      (refUC)   |  0   0  -1 |
           | -1   0   0 |                | -1   0   0 |

spinor rot.         : | 0.500+0.500j  0.500+0.500j |
                      |-0.500+0.500j  0.500-0.500j |
spinor rot. (refUC) : | 0.500+0.500j  0.500+0.500j |
                      |-0.500+0.500j  0.500-0.500j |

translation         :  [   0.0000   0.0000   0.0000 ] 
translation (refUC) :  [   0.0000   0.0000   0.0000 ] 

axis: [-0.57735 -0.57735 -0.57735] ; angle = 2/3 pi, inversion : True


 ### 34 

rotation : | -1   0   0 |     rotation : |  0   1   0 |
           |  1   1   1 |      (refUC)   |  0   0  -1 |
           |  0  -1   0 |                |  1   0   0 |

spinor rot.         : | 0.500-0.500j -0.500+0.500j |
                      | 0.500+0.500j  0.500+0.500j |
spinor rot. (refUC) : | 0.500-0.500j -0.500+0.500j |
                      | 0.500+0.500j  0.500+0.500j |

translation         :  [   0.0000   0.0000   0.0000 ] 
translation (refUC) :  [   0.0000   0.0000   0.0000 ] 

axis: [-0.57735  0.57735  0.57735] ; angle = 2/3 pi, inversion : True


 ### 35 

rotation : |  1   1   1 |     rotation : |  0  -1   0 |
           | -1   0   0 |      (refUC)   |  0   0   1 |
           |  0   0  -1 |                |  1   0   0 |

spinor rot.         : | 0.500+0.500j -0.500-0.500j |
                      | 0.500-0.500j  0.500-0.500j |
spinor rot. (refUC) : | 0.500+0.500j -0.500-0.500j |
                      | 0.500-0.500j  0.500-0.500j |

translation         :  [   0.0000   0.0000   0.0000 ] 
translation (refUC) :  [   0.0000   0.0000   0.0000 ] 

axis: [-0.57735 -0.57735  0.57735] ; angle = -2/3 pi, inversion : True


 ### 36 

rotation : |  0   0  -1 |     rotation : |  0   1   0 |
           |  0  -1   0 |      (refUC)   |  0   0   1 |
           |  1   1   1 |                | -1   0   0 |

spinor rot.         : | 0.500-0.500j  0.500-0.500j |
                      |-0.500-0.500j  0.500+0.500j |
spinor rot. (refUC) : | 0.500-0.500j  0.500-0.500j |
                      |-0.500-0.500j  0.500+0.500j |

translation         :  [   0.0000   0.0000   0.0000 ] 
translation (refUC) :  [   0.0000   0.0000   0.0000 ] 

axis: [-0.57735  0.57735 -0.57735] ; angle = -2/3 pi, inversion : True


 ### 37 

rotation : |  1   0   0 |     rotation : |  0  -1   0 |
           |  0   1   0 |      (refUC)   | -1   0   0 |
           | -1  -1  -1 |                |  0   0   1 |

spinor rot.         : | 0.000+0.000j -0.707-0.707j |
                      | 0.707-0.707j -0.000+0.000j |
spinor rot. (refUC) : | 0.000+0.000j -0.707-0.707j |
                      | 0.707-0.707j -0.000+0.000j |

translation         :  [   0.0000   0.0000   0.0000 ] 
translation (refUC) :  [   0.0000   0.0000   0.0000 ] 

axis: [0.707107 0.707107 0.      ] ; angle = 1 pi, inversion : True


 ### 38 

rotation : |  0   1   0 |     rotation : |  0   1   0 |
           |  1   0   0 |      (refUC)   |  1   0   0 |
           |  0   0   1 |                |  0   0   1 |

spinor rot.         : | 0.000+0.000j -0.707+0.707j |
                      | 0.707+0.707j -0.000+0.000j |
spinor rot. (refUC) : | 0.000+0.000j -0.707+0.707j |
                      | 0.707+0.707j -0.000+0.000j |

translation         :  [   0.0000   0.0000   0.0000 ] 
translation (refUC) :  [   0.0000   0.0000   0.0000 ] 

axis: [-0.707107  0.707107  0.      ] ; angle = 1 pi, inversion : True


 ### 39 

rotation : |  0   0   1 |     rotation : |  0  -1   0 |
           | -1  -1  -1 |      (refUC)   |  1   0   0 |
           |  0   1   0 |                |  0   0  -1 |

spinor rot.         : | 0.707+0.707j  0.000+0.000j |
                      | 0.000+0.000j  0.707-0.707j |
spinor rot. (refUC) : | 0.707+0.707j  0.000+0.000j |
                      | 0.000+0.000j  0.707-0.707j |

translation         :  [   0.0000   0.0000   0.0000 ] 
translation (refUC) :  [   0.0000   0.0000   0.0000 ] 

axis: [0. 0. 1.] ; angle = -1/2 pi, inversion : True


 ### 40 

rotation : | -1  -1  -1 |     rotation : |  0   1   0 |
           |  0   0   1 |      (refUC)   | -1   0   0 |
           |  1   0   0 |                |  0   0  -1 |

spinor rot.         : | 0.707-0.707j  0.000+0.000j |
                      | 0.000+0.000j  0.707+0.707j |
spinor rot. (refUC) : | 0.707-0.707j  0.000+0.000j |
                      | 0.000+0.000j  0.707+0.707j |

translation         :  [   0.0000   0.0000   0.0000 ] 
translation (refUC) :  [   0.0000   0.0000   0.0000 ] 

axis: [0. 0. 1.] ; angle = 1/2 pi, inversion : True


 ### 41 

rotation : |  0   0   1 |     rotation : | -1   0   0 |
           |  1   0   0 |      (refUC)   |  0   0  -1 |
           | -1  -1  -1 |                |  0   1   0 |

spinor rot.         : | 0.707+0.000j  0.000+0.707j |
                      | 0.000+0.707j  0.707+0.000j |
spinor rot. (refUC) : | 0.707+0.000j  0.000+0.707j |
                      | 0.000+0.707j  0.707+0.000j |

translation         :  [   0.0000   0.0000   0.0000 ] 
translation (refUC) :  [   0.0000   0.0000   0.0000 ] 

axis: [1. 0. 0.] ; angle = -1/2 pi, inversion : True


 ### 42 

rotation : | -1  -1  -1 |     rotation : |  1   0   0 |
           |  0   1   0 |      (refUC)   |  0   0  -1 |
           |  0   0   1 |                |  0  -1   0 |

spinor rot.         : | 0.000-0.707j -0.707+0.000j |
                      | 0.707+0.000j  0.000+0.707j |
spinor rot. (refUC) : |-0.000+0.707j  0.707-0.000j |
                      |-0.707+0.000j -0.000-0.707j |

translation         :  [   0.0000   0.0000   0.0000 ] 
translation (refUC) :  [   0.0000   0.0000   0.0000 ] 

axis: [0.       0.707107 0.707107] ; angle = 1 pi, inversion : True


 ### 43 

rotation : |  1   0   0 |     rotation : |  1   0   0 |
           |  0   0   1 |      (refUC)   |  0   0   1 |
           |  0   1   0 |                |  0   1   0 |

spinor rot.         : | 0.000+0.707j -0.707+0.000j |
                      | 0.707+0.000j  0.000-0.707j |
spinor rot. (refUC) : |-0.000-0.707j  0.707-0.000j |
                      |-0.707+0.000j  0.000+0.707j |

translation         :  [   0.0000   0.0000   0.0000 ] 
translation (refUC) :  [   0.0000   0.0000   0.0000 ] 

axis: [ 0.        0.707107 -0.707107] ; angle = 1 pi, inversion : True


 ### 44 

rotation : |  0   1   0 |     rotation : | -1   0   0 |
           | -1  -1  -1 |      (refUC)   |  0   0   1 |
           |  1   0   0 |                |  0  -1   0 |

spinor rot.         : | 0.707+0.000j  0.000-0.707j |
                      | 0.000-0.707j  0.707+0.000j |
spinor rot. (refUC) : | 0.707+0.000j  0.000-0.707j |
                      | 0.000-0.707j  0.707+0.000j |

translation         :  [   0.0000   0.0000   0.0000 ] 
translation (refUC) :  [   0.0000   0.0000   0.0000 ] 

axis: [1. 0. 0.] ; angle = 1/2 pi, inversion : True


 ### 45 

rotation : |  0   1   0 |     rotation : |  0   0  -1 |
           |  0   0   1 |      (refUC)   |  0  -1   0 |
           | -1  -1  -1 |                |  1   0   0 |

spinor rot.         : | 0.707+0.000j -0.707+0.000j |
                      | 0.707+0.000j  0.707+0.000j |
spinor rot. (refUC) : | 0.707+0.000j -0.707+0.000j |
                      | 0.707+0.000j  0.707+0.000j |

translation         :  [   0.0000   0.0000   0.0000 ] 
translation (refUC) :  [   0.0000   0.0000   0.0000 ] 

axis: [0. 1. 0.] ; angle = 1/2 pi, inversion : True


 ### 46 

rotation : |  1   0   0 |     rotation : |  0   0  -1 |
           | -1  -1  -1 |      (refUC)   |  0   1   0 |
           |  0   0   1 |                | -1   0   0 |

spinor rot.         : | 0.000-0.707j  0.000-0.707j |
                      | 0.000-0.707j  0.000+0.707j |
spinor rot. (refUC) : | 0.000-0.707j  0.000-0.707j |
                      | 0.000-0.707j  0.000+0.707j |

translation         :  [   0.0000   0.0000   0.0000 ] 
translation (refUC) :  [   0.0000   0.0000   0.0000 ] 

axis: [0.707107 0.       0.707107] ; angle = 1 pi, inversion : True


 ### 47 

rotation : | -1  -1  -1 |     rotation : |  0   0   1 |
           |  1   0   0 |      (refUC)   |  0  -1   0 |
           |  0   1   0 |                | -1   0   0 |

spinor rot.         : | 0.707+0.000j  0.707+0.000j |
                      |-0.707+0.000j  0.707+0.000j |
spinor rot. (refUC) : | 0.707+0.000j  0.707+0.000j |
                      |-0.707+0.000j  0.707+0.000j |

translation         :  [   0.0000   0.0000   0.0000 ] 
translation (refUC) :  [   0.0000   0.0000   0.0000 ] 

axis: [0. 1. 0.] ; angle = -1/2 pi, inversion : True


 ### 48 

rotation : |  0   0   1 |     rotation : |  0   0   1 |
           |  0   1   0 |      (refUC)   |  0   1   0 |
           |  1   0   0 |                |  1   0   0 |

spinor rot.         : | 0.000-0.707j  0.000+0.707j |
                      | 0.000+0.707j  0.000+0.707j |
spinor rot. (refUC) : |-0.000+0.707j -0.000-0.707j |
                      |-0.000-0.707j -0.000-0.707j |

translation         :  [   0.0000   0.0000   0.0000 ] 
translation (refUC) :  [   0.0000   0.0000   0.0000 ] 

axis: [-0.707107  0.        0.707107] ; angle = 1 pi, inversion : True

Separating by symmetry operation #  25

 ### 25 

rotation : | -1   0   0 |
           |  0  -1   0 |
           |  0   0  -1 |

spinor rot.         : | 1.000+0.000j  0.000+0.000j |
                      | 0.000+0.000j  1.000+0.000j |
spinor rot. (refUC) : | 1.000+0.000j  0.000+0.000j |
                      | 0.000+0.000j  1.000+0.000j |

translation         :  [   0.0000   0.0000   0.0000 ] 

axis: [0. 0. 1.] ; angle =  0 , inversion : True

orthogonality (largest of diag. <psi_nk|psi_mk>): 0.0056991 > 1e-5   

orthogonality (largest of diag. <psi_nk|psi_mk>): 0.0038501 > 1e-5   

orthogonality (largest of diag. <psi_nk|psi_mk>): 0.0020133 > 1e-5   





 ################################################ 


 next subspace:   25:+1.000
Reading symmetries from tables


k-point   1 :[0.5 0.  0.5] 
 number of states = 72
   Energy  |   degeneracy  |  irreps  | sym. operations  
           |               |          |     1        2        3        4       21       22       23       24       25       26       27       28       45       46       47       48    
 -37.4778  |        2      | -X7(1.0) |   2.0000   0.0000   0.0000   0.0000  -1.4142  -0.0000  -1.4142  -0.0000   2.0000   0.0000   0.0000   0.0000  -1.4142  -0.0000  -1.4142  -0.0000
 -37.4266  |        2      | -X6(1.0) |   2.0000   0.0000   0.0000   0.0000   1.4142   0.0000   1.4142   0.0000   2.0000   0.0000   0.0000   0.0000   1.4142   0.0000   1.4142   0.0000
 -36.2117  |        2      | -X7(1.0) |   2.0000   0.0000   0.0000   0.0000  -1.4142  -0.0000  -1.4142  -0.0000   2.0000   0.0000   0.0000   0.0000  -1.4142  -0.0000  -1.4142  -0.0000
 -36.1500  |        2      | -X7(1.0) |   2.0000   0.0000   0.0000   0.0000  -1.4142   0.0000  -1.4142   0.0000   2.0000   0.0000   0.0000   0.0000  -1.4142   0.0000  -1.4142   0.0000
 -36.1430  |        2      | -X6(1.0) |   2.0000   0.0000   0.0000   0.0000   1.4142   0.0000   1.4142   0.0000   2.0000   0.0000   0.0000   0.0000   1.4142   0.0000   1.4142   0.0000
 -22.5110  |        2      | -X7(1.0) |   2.0000   0.0000   0.0000   0.0000  -1.4142  -0.0000  -1.4142  -0.0000   2.0000   0.0000   0.0000   0.0000  -1.4142  -0.0000  -1.4142  -0.0000
 -22.5016  |        2      | -X6(1.0) |   2.0000   0.0000   0.0000   0.0000   1.4142   0.0000   1.4142   0.0000   2.0000   0.0000   0.0000   0.0000   1.4142   0.0000   1.4142   0.0000
 -21.5836  |        2      | -X7(1.0) |   2.0000   0.0000   0.0000   0.0000  -1.4142   0.0000  -1.4142   0.0000   2.0000   0.0000   0.0000   0.0000  -1.4142   0.0000  -1.4142   0.0000
 -21.5756  |        2      | -X6(1.0) |   2.0000   0.0000   0.0000   0.0000   1.4142   0.0000   1.4142   0.0000   2.0000   0.0000   0.0000   0.0000   1.4142   0.0000   1.4142   0.0000
 -21.5643  |        2      | -X7(1.0) |   2.0000   0.0000   0.0000   0.0000  -1.4142  -0.0000  -1.4142   0.0000   2.0000   0.0000   0.0000   0.0000  -1.4142  -0.0000  -1.4142  -0.0000
 -11.3332  |        2      | -X6(1.0) |   2.0000   0.0000   0.0000   0.0000   1.4142   0.0000   1.4142   0.0000   2.0000   0.0000   0.0000   0.0000   1.4142   0.0000   1.4142   0.0000
  -6.5064  |        2      | -X6(1.0) |   2.0000   0.0000   0.0000   0.0000   1.4142   0.0000   1.4142   0.0000   2.0000   0.0000   0.0000   0.0000   1.4142   0.0000   1.4142   0.0000
inversion is # 25
number of inversions-odd Kramers pairs :  0
Gap with upper bands :  9.15425878768607
Reading symmetries from tables


k-point  31 :[0.5 0.5 0.5] 
 number of states = 43
   Energy  |   degeneracy  |       irreps       | sym. operations  
           |               |                    |     1        5        9       14       19       24       25       29       33       38       43       48    
 -22.7052  |        2      | -L4(1.0), -L5(1.0) |   2.0000  -2.0000  -2.0000   0.0000   0.0000   0.0000   2.0000  -2.0000  -2.0000  -0.0000  -0.0000  -0.0000
 -22.5886  |        2      | -L8(1.0)           |   2.0000   1.0000   1.0000   0.0000   0.0000   0.0000   2.0000   1.0000   1.0000   0.0000   0.0000   0.0000
 -21.7897  |        2      | -L8(1.0)           |   2.0000   1.0000   1.0000   0.0000   0.0000  -0.0000   2.0000   1.0000   1.0000   0.0000   0.0000   0.0000
 -21.6779  |        2      | -L4(1.0), -L5(1.0) |   2.0000  -2.0000  -2.0000   0.0000   0.0000  -0.0000   2.0000  -2.0000  -2.0000   0.0000   0.0000  -0.0000
 -21.6427  |        2      | -L8(1.0)           |   2.0000   1.0000   1.0000   0.0000   0.0000   0.0000   2.0000   1.0000   1.0000   0.0000   0.0000   0.0000
  -8.2695  |        2      | -L8(1.0)           |   2.0000   1.0000   1.0000   0.0000   0.0000   0.0000   2.0000   1.0000   1.0000   0.0000   0.0000   0.0000
  -2.0083  |        2      | -L8(1.0)           |   2.0000   1.0000   1.0000  -0.0000  -0.0000   0.0000   2.0000   1.0000   1.0000   0.0000   0.0000  -0.0000
  -1.3860  |        2      | -L4(1.0), -L5(1.0) |   2.0000  -2.0000  -2.0000   0.0000  -0.0000   0.0000   2.0000  -2.0000  -2.0000  -0.0000  -0.0000   0.0000
inversion is # 25
number of inversions-odd Kramers pairs :  0
Gap with upper bands :  1.537626394676499
Reading symmetries from tables


k-point  46 :[0. 0. 0.] 
 number of states = 24
   Energy  |   degeneracy  |   irreps   | sym. operations  
           |               |            |     1        2        3        4        5        6        7        8        9       10       11       12       13       14       15       16       17       18       19       20       21       22       23       24       25       26       27       28       29       30       31       32       33       34       35       36       37       38       39       40       41       42       43       44       45       46       47       48    
 -37.5331  |        4      | -GM10(1.0) |   4.0000   0.0000   0.0000  -0.0000  -1.0000  -1.0000  -1.0000  -1.0000  -1.0000  -1.0000  -1.0000  -1.0000   0.0000   0.0000  -0.0000  -0.0000   0.0000   0.0000   0.0000   0.0000   0.0000   0.0000   0.0000   0.0000   4.0000   0.0000   0.0000  -0.0000  -1.0000  -1.0000  -1.0000  -1.0000  -1.0000  -1.0000  -1.0000  -1.0000   0.0000   0.0000  -0.0000  -0.0000   0.0000   0.0000   0.0000   0.0000   0.0000   0.0000   0.0000   0.0000
 -36.3908  |        2      | -GM7(1.0)  |   2.0000   0.0000  -0.0000   0.0000   1.0000   1.0000   1.0000   1.0000   1.0000   1.0000   1.0000   1.0000   0.0000   0.0000  -1.4142  -1.4142  -1.4142   0.0000   0.0000  -1.4142  -1.4142   0.0000  -1.4142   0.0000   2.0000   0.0000   0.0000   0.0000   1.0000   1.0000   1.0000   1.0000   1.0000   1.0000   1.0000   1.0000   0.0000   0.0000  -1.4142  -1.4142  -1.4142   0.0000   0.0000  -1.4142  -1.4142   0.0000  -1.4142   0.0000
 -36.0894  |        4      | -GM10(1.0) |   4.0000  -0.0000  -0.0000  -0.0000  -1.0000  -1.0000  -1.0000  -1.0000  -1.0000  -1.0000  -1.0000  -1.0000   0.0000   0.0000   0.0000   0.0000  -0.0000   0.0000   0.0000  -0.0000   0.0000   0.0000   0.0000   0.0000   4.0000   0.0000  -0.0000  -0.0000  -1.0000  -1.0000  -1.0000  -1.0000  -1.0000  -1.0000  -1.0000  -1.0000   0.0000   0.0000   0.0000   0.0000  -0.0000   0.0000   0.0000  -0.0000   0.0000   0.0000   0.0000   0.0000
 -22.5633  |        4      | -GM10(1.0) |   4.0000   0.0000  -0.0000  -0.0000  -1.0000  -1.0000  -1.0000  -1.0000  -1.0000  -1.0000  -1.0000  -1.0000   0.0000   0.0000  -0.0000  -0.0000   0.0000   0.0000   0.0000   0.0000  -0.0000   0.0000  -0.0000   0.0000   4.0000  -0.0000   0.0000  -0.0000  -1.0000  -1.0000  -1.0000  -1.0000  -1.0000  -1.0000  -1.0000  -1.0000   0.0000   0.0000  -0.0000  -0.0000   0.0000   0.0000   0.0000   0.0000  -0.0000   0.0000  -0.0000   0.0000
 -21.7206  |        2      | -GM7(1.0)  |   2.0000   0.0000   0.0000   0.0000   1.0000   1.0000   1.0000   1.0000   1.0000   1.0000   1.0000   1.0000   0.0000   0.0000  -1.4142  -1.4142  -1.4142   0.0000   0.0000  -1.4142  -1.4142   0.0000  -1.4142   0.0000   2.0000   0.0000   0.0000   0.0000   1.0000   1.0000   1.0000   1.0000   1.0000   1.0000   1.0000   1.0000   0.0000   0.0000  -1.4142  -1.4142  -1.4142   0.0000   0.0000  -1.4142  -1.4142   0.0000  -1.4142   0.0000
 -21.5366  |        4      | -GM10(1.0) |   4.0000  -0.0000  -0.0000  -0.0000  -1.0000  -1.0000  -1.0000  -1.0000  -1.0000  -1.0000  -1.0000  -1.0000   0.0000   0.0000   0.0000   0.0000  -0.0000   0.0000   0.0000  -0.0000  -0.0000   0.0000  -0.0000   0.0000   4.0000   0.0000  -0.0000  -0.0000  -1.0000  -1.0000  -1.0000  -1.0000  -1.0000  -1.0000  -1.0000  -1.0000   0.0000   0.0000   0.0000   0.0000  -0.0000   0.0000   0.0000  -0.0000  -0.0000   0.0000  -0.0000   0.0000
 -12.8159  |        2      | -GM6(1.0)  |   2.0000   0.0000   0.0000   0.0000   1.0000   1.0000   1.0000   1.0000   1.0000   1.0000   1.0000   1.0000   0.0000   0.0000   1.4142   1.4142   1.4142   0.0000   0.0000   1.4142   1.4142   0.0000   1.4142   0.0000   2.0000   0.0000   0.0000   0.0000   1.0000   1.0000   1.0000   1.0000   1.0000   1.0000   1.0000   1.0000   0.0000   0.0000   1.4142   1.4142   1.4142   0.0000   0.0000   1.4142   1.4142   0.0000   1.4142   0.0000
  -4.9158  |        2      | -GM6(1.0)  |   2.0000   0.0000   0.0000   0.0000   1.0000   1.0000   1.0000   1.0000   1.0000   1.0000   1.0000   1.0000   0.0000   0.0000   1.4142   1.4142   1.4142   0.0000   0.0000   1.4142   1.4142   0.0000   1.4142   0.0000   2.0000   0.0000   0.0000   0.0000   1.0000   1.0000   1.0000   1.0000   1.0000   1.0000   1.0000   1.0000   0.0000   0.0000   1.4142   1.4142   1.4142   0.0000   0.0000   1.4142   1.4142   0.0000   1.4142   0.0000
inversion is # 25
number of inversions-odd Kramers pairs :  0
Gap with upper bands :  7.72462881001578
number of inversions-odd Kramers pairs IN THE LISTED KPOINTS:  0   Z4=  0
Minimal direct gap: 1.537626394676499  eV
indirect  gap: 1.537626394676499  eV




 ################################################ 


 next subspace:   25:-1.000
Reading symmetries from tables


k-point   1 :[0.5 0.  0.5] 
 number of states = 5
   Energy  |   degeneracy  |  irreps  | sym. operations  
           |               |          |     1        2        3        4       21       22       23       24       25       26       27       28       45       46       47       48    
  -5.4078  |        2      | -X8(1.0) |   2.0000   0.0000   0.0000   0.0000   1.4142  -0.0000   1.4142  -0.0000  -2.0000   0.0000   0.0000   0.0000  -1.4142   0.0000  -1.4142   0.0000
  -3.8252  |        2      | -X8(1.0) |   2.0000   0.0000   0.0000   0.0000   1.4142  -0.0000   1.4142  -0.0000  -2.0000   0.0000   0.0000   0.0000  -1.4142   0.0000  -1.4142   0.0000
  -3.3609  |        2      | -X9(1.0) |   2.0000   0.0000   0.0000   0.0000  -1.4142  -0.0000  -1.4142  -0.0000  -2.0000   0.0000   0.0000   0.0000   1.4142   0.0000   1.4142  -0.0000
inversion is # 25
number of inversions-odd Kramers pairs :  3
Gap with upper bands :  6.0087873254999735
Reading symmetries from tables


k-point  31 :[0.5 0.5 0.5] 
 number of states = 33
   Energy  |   degeneracy  |       irreps       | sym. operations  
           |               |                    |     1        5        9       14       19       24       25       29       33       38       43       48    
 -37.7590  |        2      | -L6(1.0), -L7(1.0) |   2.0000  -2.0000  -2.0000  -0.0000  -0.0000   0.0000  -2.0000   2.0000   2.0000   0.0000   0.0000  -0.0000
 -37.5731  |        2      | -L9(1.0)           |   2.0000   1.0000   1.0000  -0.0000  -0.0000  -0.0000  -2.0000  -1.0000  -1.0000   0.0000   0.0000   0.0000
 -36.5010  |        2      | -L9(1.0)           |   2.0000   1.0000   1.0000  -0.0000  -0.0000  -0.0000  -2.0000  -1.0000  -1.0000   0.0000   0.0000   0.0000
 -36.3274  |        2      | -L6(1.0), -L7(1.0) |   2.0000  -2.0000  -2.0000  -0.0000   0.0000   0.0000  -2.0000   2.0000   2.0000   0.0000  -0.0000   0.0000
 -36.2700  |        2      | -L9(1.0)           |   2.0000   1.0000   1.0000  -0.0000  -0.0000  -0.0000  -2.0000  -1.0000  -1.0000   0.0000   0.0000   0.0000
 -11.6215  |        2      | -L9(1.0)           |   2.0000   1.0000   1.0000  -0.0000  -0.0000  -0.0000  -2.0000  -1.0000  -1.0000   0.0000   0.0000   0.0000
  -0.0258  |        2      | -L9(1.0)           |   2.0000   1.0000   1.0000  -0.0000  -0.0000  -0.0000  -2.0000  -1.0000  -1.0000   0.0000   0.0000   0.0000
inversion is # 25
number of inversions-odd Kramers pairs :  7
Gap with upper bands :  0.1773906322738199
Reading symmetries from tables
For each irrep, traces of symmetries in the calculation unit cell will be printed first and traces of symmetries in tables will be printed in the line below


k-point  46 :[0. 0. 0.] 
 number of states = 2
   Energy  |   degeneracy  |   irreps   | sym. operations  
           |               |            |         1                2                3                4                5                6                7                8                9               10               11               12               13               14               15               16               17               18               19               20               21               22               23               24               25               26               27               28               29               30               31               32               33               34               35               36               37               38               39               40               41               42               43               44               45               46               47               48        
  -2.6105  |        2      | -GM8(1.0)  |   2.0000+0.0000j   0.0000+0.0004j   0.0000+0.0004j   0.0000+0.0000j   1.0000+0.0004j   1.0000-0.0000j   1.0000-0.0004j   1.0000-0.0000j   1.0000-0.0004j   1.0000+0.0004j   1.0000+0.0000j   1.0000+0.0000j  -0.0000+0.0003j  -0.0000-0.0002j   1.4142-0.0003j   1.4142+0.0003j   1.4142-0.0000j  -0.0000+0.0005j  -0.0000+0.0000j   1.4142+0.0000j   1.4142+0.0003j  -0.0000+0.0003j   1.4142-0.0003j  -0.0000-0.0002j  -2.0000+0.0000j   0.0000-0.0004j   0.0000-0.0004j   0.0000-0.0000j  -1.0000-0.0004j  -1.0000+0.0000j  -1.0000+0.0004j  -1.0000+0.0000j  -1.0000+0.0004j  -1.0000-0.0004j  -1.0000-0.0000j  -1.0000-0.0000j   0.0000-0.0003j   0.0000-0.0002j  -1.4142+0.0003j  -1.4142-0.0003j  -1.4142+0.0000j   0.0000-0.0005j   0.0000+0.0000j  -1.4142-0.0000j  -1.4142-0.0003j   0.0000-0.0003j  -1.4142+0.0003j   0.0000-0.0002j
           |              |            |   2.0000+0.0000j   0.0000+0.0004j   0.0000+0.0004j   0.0000+0.0000j   1.0000+0.0004j   1.0000-0.0000j   1.0000-0.0004j   1.0000-0.0000j   1.0000-0.0004j   1.0000+0.0004j   1.0000+0.0000j   1.0000+0.0000j  -0.0000+0.0003j   0.0000+0.0002j   1.4142-0.0003j   1.4142+0.0003j   1.4142-0.0000j   0.0000-0.0005j  -0.0000+0.0000j   1.4142+0.0000j   1.4142+0.0003j  -0.0000+0.0003j   1.4142-0.0003j  -0.0000-0.0002j  -2.0000+0.0000j   0.0000-0.0004j   0.0000-0.0004j   0.0000-0.0000j  -1.0000-0.0004j  -1.0000+0.0000j  -1.0000+0.0004j  -1.0000+0.0000j  -1.0000+0.0004j  -1.0000-0.0004j  -1.0000-0.0000j  -1.0000-0.0000j   0.0000-0.0003j   0.0000-0.0002j  -1.4142+0.0003j  -1.4142-0.0003j  -1.4142+0.0000j  -0.0000+0.0005j  -0.0000-0.0000j  -1.4142-0.0000j  -1.4142-0.0003j   0.0000-0.0003j  -1.4142+0.0003j  -0.0000+0.0002j
  -1.7426  |        4      | -GM11(1.0) |   4.0000+0.0000j   0.0000+0.0003j  -0.0000+0.0002j  -0.0000+0.0002j  -1.0002-0.0001j  -1.0000+0.0001j  -0.9998+0.0001j  -1.0000+0.0001j  -1.0002+0.0001j  -0.9998-0.0001j  -1.0000-0.0001j  -1.0000-0.0001j  -0.0000-0.0002j  -0.0000+0.0003j  -0.0002-0.0000j  -0.0002+0.0000j   0.0000-0.0000j  -0.0000+0.0000j  -0.0000+0.0002j   0.0000+0.0000j   0.0002+0.0003j  -0.0000-0.0001j   0.0002-0.0003j  -0.0000+0.0001j  -4.0000-0.0000j   0.0000-0.0003j  -0.0000-0.0002j  -0.0000-0.0002j   1.0002+0.0001j   1.0000-0.0001j   0.9998-0.0001j   1.0000-0.0001j   1.0002-0.0001j   0.9998+0.0001j   1.0000+0.0001j   1.0000+0.0001j   0.0000+0.0002j   0.0000+0.0003j   0.0002+0.0000j   0.0002-0.0000j  -0.0000+0.0000j   0.0000-0.0000j   0.0000+0.0002j  -0.0000-0.0000j  -0.0002-0.0003j   0.0000+0.0001j  -0.0002+0.0003j   0.0000+0.0001j
           |              |            |   4.0000+0.0000j   0.0000+0.0003j  -0.0000+0.0002j  -0.0000+0.0002j  -1.0002-0.0001j  -1.0000+0.0001j  -0.9998+0.0001j  -1.0000+0.0001j  -1.0002+0.0001j  -0.9998-0.0001j  -1.0000-0.0001j  -1.0000-0.0001j  -0.0000-0.0002j   0.0000-0.0003j  -0.0002-0.0000j  -0.0002+0.0000j   0.0000-0.0000j   0.0000-0.0000j  -0.0000+0.0002j   0.0000+0.0000j   0.0002+0.0003j  -0.0000-0.0001j   0.0002-0.0003j  -0.0000+0.0001j  -4.0000-0.0000j   0.0000-0.0003j  -0.0000-0.0002j  -0.0000-0.0002j   1.0002+0.0001j   1.0000-0.0001j   0.9998-0.0001j   1.0000-0.0001j   1.0002-0.0001j   0.9998+0.0001j   1.0000+0.0001j   1.0000+0.0001j   0.0000+0.0002j   0.0000+0.0003j   0.0002+0.0000j   0.0002-0.0000j  -0.0000+0.0000j  -0.0000+0.0000j  -0.0000-0.0002j  -0.0000-0.0000j  -0.0002-0.0003j   0.0000+0.0001j  -0.0002+0.0003j  -0.0000-0.0001j
inversion is # 25
number of inversions-odd Kramers pairs :  3
Gap with upper bands :  4.5514199318071284
number of inversions-odd Kramers pairs IN THE LISTED KPOINTS:  13   Z4=  1
Minimal direct gap: 0.1773906322738199  eV
indirect  gap: 0.1773906322738199  eV
